[2025/12/15 01:25:57]: §9          __             _       
[2025/12/15 01:25:57]: §9  _ __   / /  ___   __ _(_)_ __  
[2025/12/15 01:25:57]: §9 | '_ \ / /  / _ \ / _` | | '_ \ 
[2025/12/15 01:25:57]: §9 | | | / /__| (_) | (_| | | | | |
[2025/12/15 01:25:57]: §9 |_| |_\____/\___/ \__, |_|_| |_|
[2025/12/15 01:25:57]: §9                  |___/            
[2025/12/15 01:25:57]: §9 By: www.nickuc.com - V 10.4.23
[2025/12/15 01:25:57]: §9 
[2025/12/15 01:25:57]: §3[nLogin] [DEBUG] All settings were loaded in 242 ms.
[2025/12/15 01:25:57]: §3[nLogin] [DEBUG] Loading the messages_en.yml message file...
[2025/12/15 01:25:57]: §3[nLogin] [DEBUG] All plugin messages were loaded in 152 ms (languageByClient=false).
[2025/12/15 01:25:57]: §3[nLogin] [DEBUG] All proxy settings were loaded in 26 ms.
[2025/12/15 01:25:57]: §3[nLogin] [DEBUG] Loading database...
[2025/12/15 01:25:58]: §3[nLogin] [DEBUG] Starting logger filter...
[2025/12/15 01:26:03]: 
[2025/12/15 01:26:03]:  §bThank you so much for choosing nLogin! §4<3
[2025/12/15 01:26:03]: 
[2025/12/15 01:26:03]:  §4For your safety, please read the message below:
[2025/12/15 01:26:03]:   §cNever download nLogin from unknown sources.
[2025/12/15 01:26:03]:   §cA modified version may contain malicious software.
[2025/12/15 01:26:03]: 
[2025/12/15 01:26:03]:  §3Trusted sources:
[2025/12/15 01:26:03]:   §bwww.nickuc.com
[2025/12/15 01:26:03]:   §bwww.github.com/nickuc
[2025/12/15 01:26:03]:   §bOpeNLogin installer (from Spigot or GitHub)
[2025/12/15 01:26:03]: 
[2025/12/15 01:26:03]:  §3Official support channels:
[2025/12/15 01:26:03]:   §bDiscord group: §fwww.nickuc.com/discord
[2025/12/15 01:26:03]:   §bDocumentation: §fdocs.nickuc.com/nlogin/
[2025/12/15 01:26:03]:   §bEmail: §fsupport@nickuc.com
[2025/12/15 01:26:03]:   §bYouTube: §fyoutube.com/nickuc
[2025/12/15 01:26:03]: 
[2025/12/15 01:26:03]:  §eTo remove this warning, log in with "nlogin.admin" permission on the server
[2025/12/15 01:26:03]:  §eand click the "Setup plugin" button to configure your plugin.
[2025/12/15 01:26:03]: 
[2025/12/15 01:31:11]: §3[nLogin] [DEBUG] [SQLite] [UPDATE]: "INSERT INTO `nlogin` (`last_name`, `unique_id`, `mojang_id`, `bedrock_id`, `password`, `last_ip`, `creation_date`, `last_seen`, `email`, `discord`, `settings`) VALUES ('DakingMeowEz', bae54434dc49397ebed4efe05473a757, null, null, '$2a$10$R/gA.7fpshBbGjK6KxxYHezAYrnJ.82AFHZYjn7qB54tqFqa75tmy', '0:0:0:0:0:0:0:1', '2025-12-15 01:31:11.835', '2025-12-15 01:31:11.835', null, null, '{"settings":[{"value":true,"key":"force-invalid-session"}],"version":0}')" (applied to all columns)
[2025/12/15 01:31:11]: [nLogin] The user DakingMeowEz has successfully registered.
[2025/12/15 01:31:38]: §3[nLogin] [DEBUG] [SQLite] [UPDATE]: "UPDATE `nlogin` SET `last_name` = 'DakingMeowEz', `unique_id` = bae54434dc49397ebed4efe05473a757,  `mojang_id` = null,  `bedrock_id` = null,  `password` = '$2a$10$R/gA.7fpshBbGjK6KxxYHezAYrnJ.82AFHZYjn7qB54tqFqa75tmy', `last_ip` = '0:0:0:0:0:0:0:1', `creation_date` = 2025-12-15 01:31:11.835, `last_seen` = 2025-12-15 01:31:38.147, `email` = null, `discord` = null, `settings` = '{"settings":[{"value":true,"key":"force-invalid-session"},{"value":"survival","key":"last-server"},{"value":"en","key":"language"}],"version":0}' WHERE `ai` = 2" (applied to [last_seen, settings] columns)
[2025/12/15 01:31:44]: §3[nLogin] [DEBUG] [SQLite] [UPDATE]: "INSERT INTO `nlogin` (`last_name`, `unique_id`, `mojang_id`, `bedrock_id`, `password`, `last_ip`, `creation_date`, `last_seen`, `email`, `discord`, `settings`) VALUES ('Gimu_fr', 0c969dc516bf38528618219727a6ee5f, null, null, '$2a$10$9Wzjm5lv0wM9cpSvte7ZR.5EzxNVW5BMRMjuZJejBmFINwcmuYnc6', '0:0:0:0:0:0:0:1', '2025-12-15 01:31:43.94', '2025-12-15 01:31:43.94', null, null, '{"settings":[{"value":true,"key":"force-invalid-session"}],"version":0}')" (applied to all columns)
[2025/12/15 01:31:44]: [nLogin] The user Gimu_fr has successfully registered.
[2025/12/15 01:32:59]: §3[nLogin] [DEBUG] [SQLite] [UPDATE]: "UPDATE `nlogin` SET `last_name` = 'DakingMeowEz', `unique_id` = bae54434dc49397ebed4efe05473a757,  `mojang_id` = null,  `bedrock_id` = null,  `password` = '$2a$10$R/gA.7fpshBbGjK6KxxYHezAYrnJ.82AFHZYjn7qB54tqFqa75tmy', `last_ip` = '0:0:0:0:0:0:0:1', `creation_date` = 2025-12-15 01:31:11.835, `last_seen` = 2025-12-15 01:32:59.682, `email` = null, `discord` = null, `settings` = '{"settings":[{"value":"survival","key":"last-server"},{"value":"en","key":"language"}],"version":0}' WHERE `ai` = 2" (applied to [last_ip, last_seen, settings] columns)
[2025/12/15 01:32:59]: [nLogin] The user DakingMeowEz has successfully logged in.
[2025/12/15 01:33:34]: §3[nLogin] [DEBUG] [SQLite] [UPDATE]: "INSERT INTO `nlogin` (`last_name`, `unique_id`, `mojang_id`, `bedrock_id`, `password`, `last_ip`, `creation_date`, `last_seen`, `email`, `discord`, `settings`) VALUES ('MrIrishMan_fr', 3876d5f2ed0335498d45d005e901c940, null, null, '$2a$10$OZlREzwrYaiJqttnThOS.uQKIB7Cls5VAWDkeV3RoDx7bBczEZATC', '0:0:0:0:0:0:0:1', '2025-12-15 01:33:34.864', '2025-12-15 01:33:34.864', null, null, '{"settings":[{"value":true,"key":"force-invalid-session"}],"version":0}')" (applied to all columns)
[2025/12/15 01:33:34]: [nLogin] The user MrIrishMan_fr has successfully registered.
[2025/12/15 01:34:55]: §3[nLogin] [DEBUG] [SQLite] [UPDATE]: "INSERT INTO `nlogin` (`last_name`, `unique_id`, `mojang_id`, `bedrock_id`, `password`, `last_ip`, `creation_date`, `last_seen`, `email`, `discord`, `settings`) VALUES ('Jmofrfr', a3f2fbbe76eb3b82874f6b0c5d6c0bf1, null, null, '$2a$10$RSpB72MknEhFlux5KpjO6OP/OCMlaFsrlTxy/jtgWPeoQjRIrm.T.', '0:0:0:0:0:0:0:1', '2025-12-15 01:34:55.206', '2025-12-15 01:34:55.206', null, null, '{"settings":[{"value":true,"key":"force-invalid-session"}],"version":0}')" (applied to all columns)
[2025/12/15 01:34:55]: [nLogin] The user Jmofrfr has successfully registered.
[2025/12/15 01:34:57]: §3[nLogin] [DEBUG] [SQLite] [UPDATE]: "UPDATE `nlogin` SET `last_name` = 'Gimu_fr', `unique_id` = 0c969dc516bf38528618219727a6ee5f,  `mojang_id` = null,  `bedrock_id` = null,  `password` = '$2a$10$9Wzjm5lv0wM9cpSvte7ZR.5EzxNVW5BMRMjuZJejBmFINwcmuYnc6', `last_ip` = '0:0:0:0:0:0:0:1', `creation_date` = 2025-12-15 01:31:43.94, `last_seen` = 2025-12-15 01:34:57.082, `email` = null, `discord` = null, `settings` = '{"settings":[{"value":true,"key":"force-invalid-session"},{"value":"survival","key":"last-server"},{"value":"en","key":"language"}],"version":0}' WHERE `ai` = 3" (applied to [last_seen, settings] columns)
[2025/12/15 01:39:21]: §3[nLogin] [DEBUG] The Gimu_fr (0:0:0:0:0:0:0:1) player entered an incorrect password
[2025/12/15 01:39:33]: §3[nLogin] [DEBUG] [SQLite] [UPDATE]: "UPDATE `nlogin` SET `last_name` = 'Gimu_fr', `unique_id` = 0c969dc516bf38528618219727a6ee5f,  `mojang_id` = null,  `bedrock_id` = null,  `password` = '$2a$10$9Wzjm5lv0wM9cpSvte7ZR.5EzxNVW5BMRMjuZJejBmFINwcmuYnc6', `last_ip` = '0:0:0:0:0:0:0:1', `creation_date` = 2025-12-15 01:31:43.94, `last_seen` = 2025-12-15 01:39:33.84, `email` = null, `discord` = null, `settings` = '{"settings":[{"value":"survival","key":"last-server"},{"value":"en","key":"language"}],"version":0}' WHERE `ai` = 3" (applied to [last_ip, last_seen, settings] columns)
[2025/12/15 01:39:33]: [nLogin] The user Gimu_fr has successfully logged in.
[2025/12/15 01:46:39]: §3[nLogin] [DEBUG] [SQLite] [UPDATE]: "UPDATE `nlogin` SET `last_name` = 'Gimu_fr', `unique_id` = 0c969dc516bf38528618219727a6ee5f,  `mojang_id` = null,  `bedrock_id` = null,  `password` = '$2a$10$9Wzjm5lv0wM9cpSvte7ZR.5EzxNVW5BMRMjuZJejBmFINwcmuYnc6', `last_ip` = '0:0:0:0:0:0:0:1', `creation_date` = 2025-12-15 01:31:43.94, `last_seen` = 2025-12-15 01:46:39.82, `email` = null, `discord` = null, `settings` = '{"settings":[{"value":"survival","key":"last-server"},{"value":"en","key":"language"}],"version":0}' WHERE `ai` = 3" (applied to [last_seen, settings] columns)
[2025/12/15 01:47:42]: §3[nLogin] [DEBUG] The Gimu_fr (0:0:0:0:0:0:0:1) player entered an incorrect password
[2025/12/15 01:47:54]: §3[nLogin] [DEBUG] The Gimu_fr (0:0:0:0:0:0:0:1) player entered an incorrect password
[2025/12/15 01:48:06]: §3[nLogin] [DEBUG] [SQLite] [UPDATE]: "UPDATE `nlogin` SET `last_name` = 'Gimu_fr', `unique_id` = 0c969dc516bf38528618219727a6ee5f,  `mojang_id` = null,  `bedrock_id` = null,  `password` = '$2a$10$9Wzjm5lv0wM9cpSvte7ZR.5EzxNVW5BMRMjuZJejBmFINwcmuYnc6', `last_ip` = '0:0:0:0:0:0:0:1', `creation_date` = 2025-12-15 01:31:43.94, `last_seen` = 2025-12-15 01:48:06.862, `email` = null, `discord` = null, `settings` = '{"settings":[{"value":"survival","key":"last-server"},{"value":"en","key":"language"}],"version":0}' WHERE `ai` = 3" (applied to [last_ip, last_seen, settings] columns)
[2025/12/15 01:48:06]: [nLogin] The user Gimu_fr has successfully logged in.
[2025/12/15 01:55:38]: §3[nLogin] [DEBUG] [SQLite] [UPDATE]: "UPDATE `nlogin` SET `last_name` = 'DakingMeowEz', `unique_id` = bae54434dc49397ebed4efe05473a757,  `mojang_id` = null,  `bedrock_id` = null,  `password` = '$2a$10$R/gA.7fpshBbGjK6KxxYHezAYrnJ.82AFHZYjn7qB54tqFqa75tmy', `last_ip` = '0:0:0:0:0:0:0:1', `creation_date` = 2025-12-15 01:31:11.835, `last_seen` = 2025-12-15 01:55:38.513, `email` = null, `discord` = null, `settings` = '{"settings":[{"value":"survival","key":"last-server"},{"value":"en","key":"language"}],"version":0}' WHERE `ai` = 2" (applied to [last_seen, settings] columns)
[2025/12/15 01:57:52]: §3[nLogin] [DEBUG] [SQLite] [UPDATE]: "UPDATE `nlogin` SET `last_name` = 'Gimu_fr', `unique_id` = 0c969dc516bf38528618219727a6ee5f,  `mojang_id` = null,  `bedrock_id` = null,  `password` = '$2a$10$9Wzjm5lv0wM9cpSvte7ZR.5EzxNVW5BMRMjuZJejBmFINwcmuYnc6', `last_ip` = '0:0:0:0:0:0:0:1', `creation_date` = 2025-12-15 01:31:43.94, `last_seen` = 2025-12-15 01:57:52.63, `email` = null, `discord` = null, `settings` = '{"settings":[{"value":"survival","key":"last-server"},{"value":"en","key":"language"}],"version":0}' WHERE `ai` = 3" (applied to [last_seen, settings] columns)
[2025/12/15 02:00:26]: §3[nLogin] [DEBUG] [SQLite] [UPDATE]: "UPDATE `nlogin` SET `last_name` = 'Jmofrfr', `unique_id` = a3f2fbbe76eb3b82874f6b0c5d6c0bf1,  `mojang_id` = null,  `bedrock_id` = null,  `password` = '$2a$10$RSpB72MknEhFlux5KpjO6OP/OCMlaFsrlTxy/jtgWPeoQjRIrm.T.', `last_ip` = '0:0:0:0:0:0:0:1', `creation_date` = 2025-12-15 01:34:55.206, `last_seen` = 2025-12-15 02:00:26.218, `email` = null, `discord` = null, `settings` = '{"settings":[{"value":true,"key":"force-invalid-session"},{"value":"auth","key":"last-server"},{"value":"en","key":"language"}],"version":0}' WHERE `ai` = 5" (applied to [last_seen, settings] columns)
[2025/12/15 02:03:59]: §3[nLogin] [DEBUG] The Gimu_fr (0:0:0:0:0:0:0:1) player entered an incorrect password
[2025/12/15 02:04:09]: §3[nLogin] [DEBUG] [SQLite] [UPDATE]: "UPDATE `nlogin` SET `last_name` = 'Gimu_fr', `unique_id` = 0c969dc516bf38528618219727a6ee5f,  `mojang_id` = null,  `bedrock_id` = null,  `password` = '$2a$10$9Wzjm5lv0wM9cpSvte7ZR.5EzxNVW5BMRMjuZJejBmFINwcmuYnc6', `last_ip` = '0:0:0:0:0:0:0:1', `creation_date` = 2025-12-15 01:31:43.94, `last_seen` = 2025-12-15 02:04:09.296, `email` = null, `discord` = null, `settings` = '{"settings":[{"value":"survival","key":"last-server"},{"value":"en","key":"language"}],"version":0}' WHERE `ai` = 3" (applied to [last_ip, last_seen, settings] columns)
[2025/12/15 02:04:09]: [nLogin] The user Gimu_fr has successfully logged in.
[2025/12/15 02:05:07]: §3[nLogin] [DEBUG] [SQLite] [UPDATE]: "UPDATE `nlogin` SET `last_name` = 'Jmofrfr', `unique_id` = a3f2fbbe76eb3b82874f6b0c5d6c0bf1,  `mojang_id` = null,  `bedrock_id` = null,  `password` = '$2a$10$RSpB72MknEhFlux5KpjO6OP/OCMlaFsrlTxy/jtgWPeoQjRIrm.T.', `last_ip` = '0:0:0:0:0:0:0:1', `creation_date` = 2025-12-15 01:34:55.206, `last_seen` = 2025-12-15 02:05:07.74, `email` = null, `discord` = null, `settings` = '{"settings":[{"value":"auth","key":"last-server"},{"value":"en","key":"language"}],"version":0}' WHERE `ai` = 5" (applied to [last_ip, last_seen, settings] columns)
[2025/12/15 02:05:07]: [nLogin] The user Jmofrfr has successfully logged in.
[2025/12/15 02:20:31]: §3[nLogin] [DEBUG] [SQLite] [UPDATE]: "UPDATE `nlogin` SET `last_name` = 'Gimu_fr', `unique_id` = 0c969dc516bf38528618219727a6ee5f,  `mojang_id` = null,  `bedrock_id` = null,  `password` = '$2a$10$9Wzjm5lv0wM9cpSvte7ZR.5EzxNVW5BMRMjuZJejBmFINwcmuYnc6', `last_ip` = '0:0:0:0:0:0:0:1', `creation_date` = 2025-12-15 01:31:43.94, `last_seen` = 2025-12-15 02:20:31.807, `email` = null, `discord` = null, `settings` = '{"settings":[{"value":"auth","key":"last-server"},{"value":"en","key":"language"}],"version":0}' WHERE `ai` = 3" (applied to [last_seen, settings] columns)
[2025/12/15 02:21:58]: §3[nLogin] [DEBUG] [SQLite] [UPDATE]: "UPDATE `nlogin` SET `last_name` = 'Jmofrfr', `unique_id` = a3f2fbbe76eb3b82874f6b0c5d6c0bf1,  `mojang_id` = null,  `bedrock_id` = null,  `password` = '$2a$10$RSpB72MknEhFlux5KpjO6OP/OCMlaFsrlTxy/jtgWPeoQjRIrm.T.', `last_ip` = '0:0:0:0:0:0:0:1', `creation_date` = 2025-12-15 01:34:55.206, `last_seen` = 2025-12-15 02:21:58.42, `email` = null, `discord` = null, `settings` = '{"settings":[{"value":"survival","key":"last-server"},{"value":"en","key":"language"}],"version":0}' WHERE `ai` = 5" (applied to [last_seen, settings] columns)
[2025/12/15 02:27:04]: §3[nLogin] [DEBUG] [SQLite] [UPDATE]: "UPDATE `nlogin` SET `last_name` = 'MrIrishMan_fr', `unique_id` = 3876d5f2ed0335498d45d005e901c940,  `mojang_id` = null,  `bedrock_id` = null,  `password` = '$2a$10$OZlREzwrYaiJqttnThOS.uQKIB7Cls5VAWDkeV3RoDx7bBczEZATC', `last_ip` = '0:0:0:0:0:0:0:1', `creation_date` = 2025-12-15 01:33:34.864, `last_seen` = 2025-12-15 02:27:04.288, `email` = null, `discord` = null, `settings` = '{"settings":[{"value":true,"key":"force-invalid-session"},{"value":"survival","key":"last-server"},{"value":"en","key":"language"}],"version":0}' WHERE `ai` = 4" (applied to [last_seen, settings] columns)
[2025/12/15 02:32:48]: §3[nLogin] [DEBUG] [SQLite] [UPDATE]: "UPDATE `nlogin` SET `last_name` = 'Gimu_fr', `unique_id` = 0c969dc516bf38528618219727a6ee5f,  `mojang_id` = null,  `bedrock_id` = null,  `password` = '$2a$10$9Wzjm5lv0wM9cpSvte7ZR.5EzxNVW5BMRMjuZJejBmFINwcmuYnc6', `last_ip` = '0:0:0:0:0:0:0:1', `creation_date` = 2025-12-15 01:31:43.94, `last_seen` = 2025-12-15 02:32:48.212, `email` = null, `discord` = null, `settings` = '{"settings":[{"value":"auth","key":"last-server"},{"value":"en","key":"language"}],"version":0}' WHERE `ai` = 3" (applied to [last_ip, last_seen, settings] columns)
[2025/12/15 02:32:48]: [nLogin] The user Gimu_fr has successfully logged in.
[2025/12/15 02:41:49]: §3[nLogin] [DEBUG] [SQLite] [UPDATE]: "UPDATE `nlogin` SET `last_name` = 'Gimu_fr', `unique_id` = 0c969dc516bf38528618219727a6ee5f,  `mojang_id` = null,  `bedrock_id` = null,  `password` = '$2a$10$9Wzjm5lv0wM9cpSvte7ZR.5EzxNVW5BMRMjuZJejBmFINwcmuYnc6', `last_ip` = '0:0:0:0:0:0:0:1', `creation_date` = 2025-12-15 01:31:43.94, `last_seen` = 2025-12-15 02:41:49.277, `email` = null, `discord` = null, `settings` = '{"settings":[{"value":"survival","key":"last-server"},{"value":"en","key":"language"}],"version":0}' WHERE `ai` = 3" (applied to [last_seen, settings] columns)
[2025/12/15 02:43:34]: §3[nLogin] [DEBUG] The Gimu_fr (0:0:0:0:0:0:0:1) player entered an incorrect password
[2025/12/15 02:43:45]: §3[nLogin] [DEBUG] [SQLite] [UPDATE]: "UPDATE `nlogin` SET `last_name` = 'Gimu_fr', `unique_id` = 0c969dc516bf38528618219727a6ee5f,  `mojang_id` = null,  `bedrock_id` = null,  `password` = '$2a$10$9Wzjm5lv0wM9cpSvte7ZR.5EzxNVW5BMRMjuZJejBmFINwcmuYnc6', `last_ip` = '0:0:0:0:0:0:0:1', `creation_date` = 2025-12-15 01:31:43.94, `last_seen` = 2025-12-15 02:43:45.268, `email` = null, `discord` = null, `settings` = '{"settings":[{"value":"survival","key":"last-server"},{"value":"en","key":"language"}],"version":0}' WHERE `ai` = 3" (applied to [last_ip, last_seen, settings] columns)
[2025/12/15 02:43:45]: [nLogin] The user Gimu_fr has successfully logged in.
[2025/12/15 02:49:07]: §3[nLogin] [DEBUG] [SQLite] [UPDATE]: "UPDATE `nlogin` SET `last_name` = 'Gimu_fr', `unique_id` = 0c969dc516bf38528618219727a6ee5f,  `mojang_id` = null,  `bedrock_id` = null,  `password` = '$2a$10$9Wzjm5lv0wM9cpSvte7ZR.5EzxNVW5BMRMjuZJejBmFINwcmuYnc6', `last_ip` = '0:0:0:0:0:0:0:1', `creation_date` = 2025-12-15 01:31:43.94, `last_seen` = 2025-12-15 02:49:07.924, `email` = null, `discord` = null, `settings` = '{"settings":[{"value":"survival","key":"last-server"},{"value":"en","key":"language"}],"version":0}' WHERE `ai` = 3" (applied to [last_seen, settings] columns)
