[2025/12/15 20:02:13]: §9          __             _       
[2025/12/15 20:02:13]: §9  _ __   / /  ___   __ _(_)_ __  
[2025/12/15 20:02:13]: §9 | '_ \ / /  / _ \ / _` | | '_ \ 
[2025/12/15 20:02:13]: §9 | | | / /__| (_) | (_| | | | | |
[2025/12/15 20:02:13]: §9 |_| |_\____/\___/ \__, |_|_| |_|
[2025/12/15 20:02:13]: §9                  |___/            
[2025/12/15 20:02:13]: §9 By: www.nickuc.com - V 10.4.23
[2025/12/15 20:02:13]: §9 
[2025/12/15 20:02:13]: §3[nLogin] [DEBUG] All settings were loaded in 161 ms.
[2025/12/15 20:02:13]: §3[nLogin] [DEBUG] Loading the messages_en.yml message file...
[2025/12/15 20:02:13]: §3[nLogin] [DEBUG] All plugin messages were loaded in 69 ms (languageByClient=false).
[2025/12/15 20:02:13]: §3[nLogin] [DEBUG] All proxy settings were loaded in 22 ms.
[2025/12/15 20:02:13]: §3[nLogin] [DEBUG] Loading database...
[2025/12/15 20:02:13]: §3[nLogin] [DEBUG] Starting logger filter...
[2025/12/15 20:02:19]: 
[2025/12/15 20:02:19]:  §bThank you so much for choosing nLogin! §4<3
[2025/12/15 20:02:19]: 
[2025/12/15 20:02:19]:  §4For your safety, please read the message below:
[2025/12/15 20:02:19]:   §cNever download nLogin from unknown sources.
[2025/12/15 20:02:19]:   §cA modified version may contain malicious software.
[2025/12/15 20:02:19]: 
[2025/12/15 20:02:19]:  §3Trusted sources:
[2025/12/15 20:02:19]:   §bwww.nickuc.com
[2025/12/15 20:02:19]:   §bwww.github.com/nickuc
[2025/12/15 20:02:19]:   §bOpeNLogin installer (from Spigot or GitHub)
[2025/12/15 20:02:19]: 
[2025/12/15 20:02:19]:  §3Official support channels:
[2025/12/15 20:02:19]:   §bDiscord group: §fwww.nickuc.com/discord
[2025/12/15 20:02:19]:   §bDocumentation: §fdocs.nickuc.com/nlogin/
[2025/12/15 20:02:19]:   §bEmail: §fsupport@nickuc.com
[2025/12/15 20:02:19]:   §bYouTube: §fyoutube.com/nickuc
[2025/12/15 20:02:19]: 
[2025/12/15 20:02:19]:  §eTo remove this warning, log in with "nlogin.admin" permission on the server
[2025/12/15 20:02:19]:  §eand click the "Setup plugin" button to configure your plugin.
[2025/12/15 20:02:19]: 
[2025/12/15 20:12:37]: §3[nLogin] [DEBUG] [SQLite] [UPDATE]: "INSERT INTO `nlogin` (`last_name`, `unique_id`, `mojang_id`, `bedrock_id`, `password`, `last_ip`, `creation_date`, `last_seen`, `email`, `discord`, `settings`) VALUES ('Jmo_fr', b03095a333ff3c52a7a7104e93b1c3da, null, null, '$2a$10$j2H3ZEGMTvmk2k247qf1FeDKS96pKi9cGFnmKf5SOkGuCtSL9LOqK', '0:0:0:0:0:0:0:1', '2025-12-15 20:12:37.442', '2025-12-15 20:12:37.442', null, null, '{"settings":[{"value":true,"key":"force-invalid-session"}],"version":0}')" (applied to all columns)
[2025/12/15 20:12:37]: [nLogin] The user Jmo_fr has successfully registered.
[2025/12/15 20:15:17]: §3[nLogin] [DEBUG] [SQLite] [UPDATE]: "UPDATE `nlogin` SET `last_name` = 'Jmo_fr', `unique_id` = b03095a333ff3c52a7a7104e93b1c3da,  `mojang_id` = null,  `bedrock_id` = null,  `password` = '$2a$10$j2H3ZEGMTvmk2k247qf1FeDKS96pKi9cGFnmKf5SOkGuCtSL9LOqK', `last_ip` = '0:0:0:0:0:0:0:1', `creation_date` = 2025-12-15 20:12:37.442, `last_seen` = 2025-12-15 20:15:17.669, `email` = null, `discord` = null, `settings` = '{"settings":[{"value":true,"key":"force-invalid-session"},{"value":"survival","key":"last-server"},{"value":"en","key":"language"}],"version":0}' WHERE `ai` = 6" (applied to [last_seen, settings] columns)
[2025/12/15 20:15:41]: §3[nLogin] [DEBUG] [SQLite] [UPDATE]: "UPDATE `nlogin` SET `last_name` = 'Jmo_fr', `unique_id` = b03095a333ff3c52a7a7104e93b1c3da,  `mojang_id` = null,  `bedrock_id` = null,  `password` = '$2a$10$j2H3ZEGMTvmk2k247qf1FeDKS96pKi9cGFnmKf5SOkGuCtSL9LOqK', `last_ip` = '0:0:0:0:0:0:0:1', `creation_date` = 2025-12-15 20:12:37.442, `last_seen` = 2025-12-15 20:15:41.48, `email` = null, `discord` = null, `settings` = '{"settings":[{"value":"survival","key":"last-server"},{"value":"en","key":"language"}],"version":0}' WHERE `ai` = 6" (applied to [last_ip, last_seen, settings] columns)
[2025/12/15 20:15:41]: [nLogin] The user Jmo_fr has successfully logged in.
[2025/12/15 20:20:09]: §3[nLogin] [DEBUG] [SQLite] [UPDATE]: "UPDATE `nlogin` SET `last_name` = 'Jmo_fr', `unique_id` = b03095a333ff3c52a7a7104e93b1c3da,  `mojang_id` = null,  `bedrock_id` = null,  `password` = '$2a$10$j2H3ZEGMTvmk2k247qf1FeDKS96pKi9cGFnmKf5SOkGuCtSL9LOqK', `last_ip` = '0:0:0:0:0:0:0:1', `creation_date` = 2025-12-15 20:12:37.442, `last_seen` = 2025-12-15 20:20:09.309, `email` = null, `discord` = null, `settings` = '{"settings":[{"value":"survival","key":"last-server"},{"value":"en","key":"language"}],"version":0}' WHERE `ai` = 6" (applied to [last_seen, settings] columns)
