[2025/12/20 21:03:31]: §9          __             _       
[2025/12/20 21:03:31]: §9  _ __   / /  ___   __ _(_)_ __  
[2025/12/20 21:03:31]: §9 | '_ \ / /  / _ \ / _` | | '_ \ 
[2025/12/20 21:03:31]: §9 | | | / /__| (_) | (_| | | | | |
[2025/12/20 21:03:31]: §9 |_| |_\____/\___/ \__, |_|_| |_|
[2025/12/20 21:03:31]: §9                  |___/            
[2025/12/20 21:03:31]: §9 By: www.nickuc.com - V 10.4.23
[2025/12/20 21:03:31]: §9 
[2025/12/20 21:03:32]: §3[nLogin] [DEBUG] All settings were loaded in 243 ms.
[2025/12/20 21:03:32]: §3[nLogin] [DEBUG] Loading the messages_en.yml message file...
[2025/12/20 21:03:32]: §3[nLogin] [DEBUG] All plugin messages were loaded in 47 ms (languageByClient=false).
[2025/12/20 21:03:32]: §3[nLogin] [DEBUG] All proxy settings were loaded in 9 ms.
[2025/12/20 21:03:32]: §3[nLogin] [DEBUG] Loading database...
[2025/12/20 21:03:32]: §3[nLogin] [DEBUG] Starting logger filter...
[2025/12/20 21:03:37]: 
[2025/12/20 21:03:37]:  §bThank you so much for choosing nLogin! §4<3
[2025/12/20 21:03:37]: 
[2025/12/20 21:03:37]:  §4For your safety, please read the message below:
[2025/12/20 21:03:37]:   §cNever download nLogin from unknown sources.
[2025/12/20 21:03:37]:   §cA modified version may contain malicious software.
[2025/12/20 21:03:37]: 
[2025/12/20 21:03:37]:  §3Trusted sources:
[2025/12/20 21:03:37]:   §bwww.nickuc.com
[2025/12/20 21:03:37]:   §bwww.github.com/nickuc
[2025/12/20 21:03:37]:   §bOpeNLogin installer (from Spigot or GitHub)
[2025/12/20 21:03:37]: 
[2025/12/20 21:03:37]:  §3Official support channels:
[2025/12/20 21:03:37]:   §bDiscord group: §fwww.nickuc.com/discord
[2025/12/20 21:03:37]:   §bDocumentation: §fdocs.nickuc.com/nlogin/
[2025/12/20 21:03:37]:   §bEmail: §fsupport@nickuc.com
[2025/12/20 21:03:37]:   §bYouTube: §fyoutube.com/nickuc
[2025/12/20 21:03:37]: 
[2025/12/20 21:03:37]:  §eTo remove this warning, log in with "nlogin.admin" permission on the server
[2025/12/20 21:03:37]:  §eand click the "Setup plugin" button to configure your plugin.
[2025/12/20 21:03:37]: 
