[2025/12/22 01:37:58]: §9          __             _       
[2025/12/22 01:37:58]: §9  _ __   / /  ___   __ _(_)_ __  
[2025/12/22 01:37:58]: §9 | '_ \ / /  / _ \ / _` | | '_ \ 
[2025/12/22 01:37:58]: §9 | | | / /__| (_) | (_| | | | | |
[2025/12/22 01:37:58]: §9 |_| |_\____/\___/ \__, |_|_| |_|
[2025/12/22 01:37:58]: §9                  |___/            
[2025/12/22 01:37:58]: §9 By: www.nickuc.com - V 10.4.23
[2025/12/22 01:37:58]: §9 
[2025/12/22 01:37:58]: §3[nLogin] [DEBUG] All settings were loaded in 328 ms.
[2025/12/22 01:37:58]: §3[nLogin] [DEBUG] Loading the messages_en.yml message file...
[2025/12/22 01:37:58]: §3[nLogin] [DEBUG] All plugin messages were loaded in 130 ms (languageByClient=false).
[2025/12/22 01:37:58]: §3[nLogin] [DEBUG] All proxy settings were loaded in 22 ms.
[2025/12/22 01:37:58]: §3[nLogin] [DEBUG] Loading database...
[2025/12/22 01:37:59]: §3[nLogin] [DEBUG] Starting logger filter...
[2025/12/22 01:38:04]: 
[2025/12/22 01:38:04]:  §bThank you so much for choosing nLogin! §4<3
[2025/12/22 01:38:04]: 
[2025/12/22 01:38:04]:  §4For your safety, please read the message below:
[2025/12/22 01:38:04]:   §cNever download nLogin from unknown sources.
[2025/12/22 01:38:04]:   §cA modified version may contain malicious software.
[2025/12/22 01:38:04]: 
[2025/12/22 01:38:04]:  §3Trusted sources:
[2025/12/22 01:38:04]:   §bwww.nickuc.com
[2025/12/22 01:38:04]:   §bwww.github.com/nickuc
[2025/12/22 01:38:04]:   §bOpeNLogin installer (from Spigot or GitHub)
[2025/12/22 01:38:04]: 
[2025/12/22 01:38:04]:  §3Official support channels:
[2025/12/22 01:38:04]:   §bDiscord group: §fwww.nickuc.com/discord
[2025/12/22 01:38:04]:   §bDocumentation: §fdocs.nickuc.com/nlogin/
[2025/12/22 01:38:04]:   §bEmail: §fsupport@nickuc.com
[2025/12/22 01:38:04]:   §bYouTube: §fyoutube.com/nickuc
[2025/12/22 01:38:04]: 
[2025/12/22 01:38:04]:  §eTo remove this warning, log in with "nlogin.admin" permission on the server
[2025/12/22 01:38:04]:  §eand click the "Setup plugin" button to configure your plugin.
[2025/12/22 01:38:04]: 
[2025/12/22 01:41:25]: §3[nLogin] [DEBUG] [SQLite] [UPDATE]: "UPDATE `nlogin` SET `last_name` = 'Jmofrfr', `unique_id` = a3f2fbbe76eb3b82874f6b0c5d6c0bf1,  `mojang_id` = null,  `bedrock_id` = null,  `password` = '$2a$10$RSpB72MknEhFlux5KpjO6OP/OCMlaFsrlTxy/jtgWPeoQjRIrm.T.', `last_ip` = '0:0:0:0:0:0:0:1', `creation_date` = 2025-12-15 01:34:55.206, `last_seen` = 2025-12-22 01:41:25.507, `email` = null, `discord` = null, `settings` = '{"settings":[{"value":"survival","key":"last-server"},{"value":"en","key":"language"}],"version":0}' WHERE `ai` = 5" (applied to [last_ip, last_seen, settings] columns)
[2025/12/22 01:41:25]: [nLogin] The user Jmofrfr has successfully logged in.
[2025/12/22 01:41:31]: §3[nLogin] [DEBUG] [SQLite] [UPDATE]: "UPDATE `nlogin` SET `last_name` = 'Gimu_fr', `unique_id` = 0c969dc516bf38528618219727a6ee5f,  `mojang_id` = null,  `bedrock_id` = null,  `password` = '$2a$10$9Wzjm5lv0wM9cpSvte7ZR.5EzxNVW5BMRMjuZJejBmFINwcmuYnc6', `last_ip` = '0:0:0:0:0:0:0:1', `creation_date` = 2025-12-15 01:31:43.94, `last_seen` = 2025-12-22 01:41:31.062, `email` = null, `discord` = null, `settings` = '{"settings":[{"value":"survival","key":"last-server"},{"value":"en","key":"language"}],"version":0}' WHERE `ai` = 3" (applied to [last_ip, last_seen, settings] columns)
[2025/12/22 01:41:31]: [nLogin] The user Gimu_fr has successfully logged in.
[2025/12/22 01:42:25]: §3[nLogin] [DEBUG] [SQLite] [UPDATE]: "UPDATE `nlogin` SET `last_name` = 'Gimu_fr', `unique_id` = 0c969dc516bf38528618219727a6ee5f,  `mojang_id` = null,  `bedrock_id` = null,  `password` = '$2a$10$9Wzjm5lv0wM9cpSvte7ZR.5EzxNVW5BMRMjuZJejBmFINwcmuYnc6', `last_ip` = '0:0:0:0:0:0:0:1', `creation_date` = 2025-12-15 01:31:43.94, `last_seen` = 2025-12-22 01:42:25.219, `email` = null, `discord` = null, `settings` = '{"settings":[{"value":"survival","key":"last-server"},{"value":"en","key":"language"}],"version":0}' WHERE `ai` = 3" (applied to [last_seen, settings] columns)
[2025/12/22 01:43:48]: §3[nLogin] [DEBUG] [SQLite] [UPDATE]: "UPDATE `nlogin` SET `last_name` = 'Gimu_fr', `unique_id` = 0c969dc516bf38528618219727a6ee5f,  `mojang_id` = null,  `bedrock_id` = null,  `password` = '$2a$10$9Wzjm5lv0wM9cpSvte7ZR.5EzxNVW5BMRMjuZJejBmFINwcmuYnc6', `last_ip` = '0:0:0:0:0:0:0:1', `creation_date` = 2025-12-15 01:31:43.94, `last_seen` = 2025-12-22 01:43:48.375, `email` = null, `discord` = null, `settings` = '{"settings":[{"value":"survival","key":"last-server"},{"value":"en","key":"language"}],"version":0}' WHERE `ai` = 3" (applied to [last_ip, last_seen, settings] columns)
[2025/12/22 01:43:48]: [nLogin] The user Gimu_fr has successfully logged in.
[2025/12/22 01:46:51]: §3[nLogin] [DEBUG] [SQLite] [UPDATE]: "UPDATE `nlogin` SET `last_name` = 'MrIrishMan_fr', `unique_id` = 3876d5f2ed0335498d45d005e901c940,  `mojang_id` = null,  `bedrock_id` = null,  `password` = '$2a$10$OZlREzwrYaiJqttnThOS.uQKIB7Cls5VAWDkeV3RoDx7bBczEZATC', `last_ip` = '0:0:0:0:0:0:0:1', `creation_date` = 2025-12-15 01:33:34.864, `last_seen` = 2025-12-22 01:46:51.912, `email` = null, `discord` = null, `settings` = '{"settings":[{"value":"survival","key":"last-server"},{"value":"en","key":"language"}],"version":0}' WHERE `ai` = 4" (applied to [last_ip, last_seen, settings] columns)
[2025/12/22 01:46:51]: [nLogin] The user MrIrishMan_fr has successfully logged in.
[2025/12/22 01:49:12]: §3[nLogin] [DEBUG] [SQLite] [UPDATE]: "UPDATE `nlogin` SET `last_name` = 'Gimu_fr', `unique_id` = 0c969dc516bf38528618219727a6ee5f,  `mojang_id` = null,  `bedrock_id` = null,  `password` = '$2a$10$9Wzjm5lv0wM9cpSvte7ZR.5EzxNVW5BMRMjuZJejBmFINwcmuYnc6', `last_ip` = '0:0:0:0:0:0:0:1', `creation_date` = 2025-12-15 01:31:43.94, `last_seen` = 2025-12-22 01:49:12.31, `email` = null, `discord` = null, `settings` = '{"settings":[{"value":"survival","key":"last-server"},{"value":"en","key":"language"}],"version":0}' WHERE `ai` = 3" (applied to [last_seen, settings] columns)
[2025/12/22 01:50:24]: §3[nLogin] [DEBUG] [SQLite] [UPDATE]: "UPDATE `nlogin` SET `last_name` = 'Gimu_fr', `unique_id` = 0c969dc516bf38528618219727a6ee5f,  `mojang_id` = null,  `bedrock_id` = null,  `password` = '$2a$10$9Wzjm5lv0wM9cpSvte7ZR.5EzxNVW5BMRMjuZJejBmFINwcmuYnc6', `last_ip` = '0:0:0:0:0:0:0:1', `creation_date` = 2025-12-15 01:31:43.94, `last_seen` = 2025-12-22 01:50:24.755, `email` = null, `discord` = null, `settings` = '{"settings":[{"value":"survival","key":"last-server"},{"value":"en","key":"language"}],"version":0}' WHERE `ai` = 3" (applied to [last_ip, last_seen, settings] columns)
[2025/12/22 01:50:24]: [nLogin] The user Gimu_fr has successfully logged in.
[2025/12/22 01:51:37]: §3[nLogin] [DEBUG] [SQLite] [UPDATE]: "UPDATE `nlogin` SET `last_name` = 'Gimu_fr', `unique_id` = 0c969dc516bf38528618219727a6ee5f,  `mojang_id` = null,  `bedrock_id` = null,  `password` = '$2a$10$9Wzjm5lv0wM9cpSvte7ZR.5EzxNVW5BMRMjuZJejBmFINwcmuYnc6', `last_ip` = '0:0:0:0:0:0:0:1', `creation_date` = 2025-12-15 01:31:43.94, `last_seen` = 2025-12-22 01:51:37.118, `email` = null, `discord` = null, `settings` = '{"settings":[{"value":"auth","key":"last-server"},{"value":"en","key":"language"}],"version":0}' WHERE `ai` = 3" (applied to [last_seen, settings] columns)
[2025/12/22 01:51:49]: §3[nLogin] [DEBUG] [SQLite] [UPDATE]: "UPDATE `nlogin` SET `last_name` = 'Gimu_fr', `unique_id` = 0c969dc516bf38528618219727a6ee5f,  `mojang_id` = null,  `bedrock_id` = null,  `password` = '$2a$10$9Wzjm5lv0wM9cpSvte7ZR.5EzxNVW5BMRMjuZJejBmFINwcmuYnc6', `last_ip` = '0:0:0:0:0:0:0:1', `creation_date` = 2025-12-15 01:31:43.94, `last_seen` = 2025-12-22 01:51:49.016, `email` = null, `discord` = null, `settings` = '{"settings":[{"value":"auth","key":"last-server"},{"value":"en","key":"language"}],"version":0}' WHERE `ai` = 3" (applied to [last_ip, last_seen, settings] columns)
[2025/12/22 01:51:49]: [nLogin] The user Gimu_fr has successfully logged in.
[2025/12/22 01:52:24]: §3[nLogin] [DEBUG] [SQLite] [UPDATE]: "UPDATE `nlogin` SET `last_name` = 'Gimu_fr', `unique_id` = 0c969dc516bf38528618219727a6ee5f,  `mojang_id` = null,  `bedrock_id` = null,  `password` = '$2a$10$9Wzjm5lv0wM9cpSvte7ZR.5EzxNVW5BMRMjuZJejBmFINwcmuYnc6', `last_ip` = '0:0:0:0:0:0:0:1', `creation_date` = 2025-12-15 01:31:43.94, `last_seen` = 2025-12-22 01:52:23.668, `email` = null, `discord` = null, `settings` = '{"settings":[{"value":"auth","key":"last-server"},{"value":"en","key":"language"}],"version":0}' WHERE `ai` = 3" (applied to [last_seen, settings] columns)
[2025/12/22 01:52:36]: §3[nLogin] [DEBUG] [SQLite] [UPDATE]: "UPDATE `nlogin` SET `last_name` = 'Gimu_fr', `unique_id` = 0c969dc516bf38528618219727a6ee5f,  `mojang_id` = null,  `bedrock_id` = null,  `password` = '$2a$10$9Wzjm5lv0wM9cpSvte7ZR.5EzxNVW5BMRMjuZJejBmFINwcmuYnc6', `last_ip` = '0:0:0:0:0:0:0:1', `creation_date` = 2025-12-15 01:31:43.94, `last_seen` = 2025-12-22 01:52:36.263, `email` = null, `discord` = null, `settings` = '{"settings":[{"value":"auth","key":"last-server"},{"value":"en","key":"language"}],"version":0}' WHERE `ai` = 3" (applied to [last_ip, last_seen, settings] columns)
[2025/12/22 01:52:36]: [nLogin] The user Gimu_fr has successfully logged in.
[2025/12/22 01:52:38]: §3[nLogin] [DEBUG] [SQLite] [UPDATE]: "UPDATE `nlogin` SET `last_name` = 'Jmofrfr', `unique_id` = a3f2fbbe76eb3b82874f6b0c5d6c0bf1,  `mojang_id` = null,  `bedrock_id` = null,  `password` = '$2a$10$RSpB72MknEhFlux5KpjO6OP/OCMlaFsrlTxy/jtgWPeoQjRIrm.T.', `last_ip` = '0:0:0:0:0:0:0:1', `creation_date` = 2025-12-15 01:34:55.206, `last_seen` = 2025-12-22 01:52:38.424, `email` = null, `discord` = null, `settings` = '{"settings":[{"value":"auth","key":"last-server"},{"value":"en","key":"language"}],"version":0}' WHERE `ai` = 5" (applied to [last_seen, settings] columns)
[2025/12/22 01:53:05]: §3[nLogin] [DEBUG] [SQLite] [UPDATE]: "UPDATE `nlogin` SET `last_name` = 'Gimu_fr', `unique_id` = 0c969dc516bf38528618219727a6ee5f,  `mojang_id` = null,  `bedrock_id` = null,  `password` = '$2a$10$9Wzjm5lv0wM9cpSvte7ZR.5EzxNVW5BMRMjuZJejBmFINwcmuYnc6', `last_ip` = '0:0:0:0:0:0:0:1', `creation_date` = 2025-12-15 01:31:43.94, `last_seen` = 2025-12-22 01:53:05.065, `email` = null, `discord` = null, `settings` = '{"settings":[{"value":"auth","key":"last-server"},{"value":"en","key":"language"}],"version":0}' WHERE `ai` = 3" (applied to [last_seen, settings] columns)
[2025/12/22 01:53:19]: §3[nLogin] [DEBUG] [SQLite] [UPDATE]: "UPDATE `nlogin` SET `last_name` = 'Gimu_fr', `unique_id` = 0c969dc516bf38528618219727a6ee5f,  `mojang_id` = null,  `bedrock_id` = null,  `password` = '$2a$10$9Wzjm5lv0wM9cpSvte7ZR.5EzxNVW5BMRMjuZJejBmFINwcmuYnc6', `last_ip` = '0:0:0:0:0:0:0:1', `creation_date` = 2025-12-15 01:31:43.94, `last_seen` = 2025-12-22 01:53:19.251, `email` = null, `discord` = null, `settings` = '{"settings":[{"value":"auth","key":"last-server"},{"value":"en","key":"language"}],"version":0}' WHERE `ai` = 3" (applied to [last_ip, last_seen, settings] columns)
[2025/12/22 01:53:19]: [nLogin] The user Gimu_fr has successfully logged in.
[2025/12/22 01:53:21]: §3[nLogin] [DEBUG] [SQLite] [UPDATE]: "UPDATE `nlogin` SET `last_name` = 'Gimu_fr', `unique_id` = 0c969dc516bf38528618219727a6ee5f,  `mojang_id` = null,  `bedrock_id` = null,  `password` = '$2a$10$9Wzjm5lv0wM9cpSvte7ZR.5EzxNVW5BMRMjuZJejBmFINwcmuYnc6', `last_ip` = '0:0:0:0:0:0:0:1', `creation_date` = 2025-12-15 01:31:43.94, `last_seen` = 2025-12-22 01:53:21.666, `email` = null, `discord` = null, `settings` = '{"settings":[{"value":"auth","key":"last-server"},{"value":"en","key":"language"}],"version":0}' WHERE `ai` = 3" (applied to [last_seen, settings] columns)
[2025/12/22 01:53:43]: §3[nLogin] [DEBUG] [SQLite] [UPDATE]: "UPDATE `nlogin` SET `last_name` = 'MrIrishMan_fr', `unique_id` = 3876d5f2ed0335498d45d005e901c940,  `mojang_id` = null,  `bedrock_id` = null,  `password` = '$2a$10$OZlREzwrYaiJqttnThOS.uQKIB7Cls5VAWDkeV3RoDx7bBczEZATC', `last_ip` = '0:0:0:0:0:0:0:1', `creation_date` = 2025-12-15 01:33:34.864, `last_seen` = 2025-12-22 01:53:43.072, `email` = null, `discord` = null, `settings` = '{"settings":[{"value":"auth","key":"last-server"},{"value":"en","key":"language"}],"version":0}' WHERE `ai` = 4" (applied to [last_seen, settings] columns)
[2025/12/22 01:53:46]: §3[nLogin] [DEBUG] [SQLite] [UPDATE]: "UPDATE `nlogin` SET `last_name` = 'Gimu_fr', `unique_id` = 0c969dc516bf38528618219727a6ee5f,  `mojang_id` = null,  `bedrock_id` = null,  `password` = '$2a$10$9Wzjm5lv0wM9cpSvte7ZR.5EzxNVW5BMRMjuZJejBmFINwcmuYnc6', `last_ip` = '0:0:0:0:0:0:0:1', `creation_date` = 2025-12-15 01:31:43.94, `last_seen` = 2025-12-22 01:53:46.057, `email` = null, `discord` = null, `settings` = '{"settings":[{"value":"auth","key":"last-server"},{"value":"en","key":"language"}],"version":0}' WHERE `ai` = 3" (applied to [last_ip, last_seen, settings] columns)
[2025/12/22 01:53:46]: [nLogin] The user Gimu_fr has successfully logged in.
[2025/12/22 01:53:55]: §3[nLogin] [DEBUG] [SQLite] [UPDATE]: "UPDATE `nlogin` SET `last_name` = 'MrIrishMan_fr', `unique_id` = 3876d5f2ed0335498d45d005e901c940,  `mojang_id` = null,  `bedrock_id` = null,  `password` = '$2a$10$OZlREzwrYaiJqttnThOS.uQKIB7Cls5VAWDkeV3RoDx7bBczEZATC', `last_ip` = '0:0:0:0:0:0:0:1', `creation_date` = 2025-12-15 01:33:34.864, `last_seen` = 2025-12-22 01:53:55.852, `email` = null, `discord` = null, `settings` = '{"settings":[{"value":"auth","key":"last-server"},{"value":"en","key":"language"}],"version":0}' WHERE `ai` = 4" (applied to [last_ip, last_seen, settings] columns)
[2025/12/22 01:53:55]: [nLogin] The user MrIrishMan_fr has successfully logged in.
[2025/12/22 01:54:12]: §3[nLogin] [DEBUG] [SQLite] [UPDATE]: "UPDATE `nlogin` SET `last_name` = 'Gimu_fr', `unique_id` = 0c969dc516bf38528618219727a6ee5f,  `mojang_id` = null,  `bedrock_id` = null,  `password` = '$2a$10$9Wzjm5lv0wM9cpSvte7ZR.5EzxNVW5BMRMjuZJejBmFINwcmuYnc6', `last_ip` = '0:0:0:0:0:0:0:1', `creation_date` = 2025-12-15 01:31:43.94, `last_seen` = 2025-12-22 01:54:12.52, `email` = null, `discord` = null, `settings` = '{"settings":[{"value":"auth","key":"last-server"},{"value":"en","key":"language"}],"version":0}' WHERE `ai` = 3" (applied to [last_seen, settings] columns)
[2025/12/22 01:54:20]: §3[nLogin] [DEBUG] [SQLite] [UPDATE]: "UPDATE `nlogin` SET `last_name` = 'Gimu_fr', `unique_id` = 0c969dc516bf38528618219727a6ee5f,  `mojang_id` = null,  `bedrock_id` = null,  `password` = '$2a$10$9Wzjm5lv0wM9cpSvte7ZR.5EzxNVW5BMRMjuZJejBmFINwcmuYnc6', `last_ip` = '0:0:0:0:0:0:0:1', `creation_date` = 2025-12-15 01:31:43.94, `last_seen` = 2025-12-22 01:54:20.805, `email` = null, `discord` = null, `settings` = '{"settings":[{"value":"auth","key":"last-server"},{"value":"en","key":"language"}],"version":0}' WHERE `ai` = 3" (applied to [last_ip, last_seen, settings] columns)
[2025/12/22 01:54:20]: [nLogin] The user Gimu_fr has successfully logged in.
[2025/12/22 01:54:30]: §3[nLogin] [DEBUG] [SQLite] [UPDATE]: "UPDATE `nlogin` SET `last_name` = 'Gimu_fr', `unique_id` = 0c969dc516bf38528618219727a6ee5f,  `mojang_id` = null,  `bedrock_id` = null,  `password` = '$2a$10$9Wzjm5lv0wM9cpSvte7ZR.5EzxNVW5BMRMjuZJejBmFINwcmuYnc6', `last_ip` = '0:0:0:0:0:0:0:1', `creation_date` = 2025-12-15 01:31:43.94, `last_seen` = 2025-12-22 01:54:30.169, `email` = null, `discord` = null, `settings` = '{"settings":[{"value":"auth","key":"last-server"},{"value":"en","key":"language"}],"version":0}' WHERE `ai` = 3" (applied to [last_seen, settings] columns)
[2025/12/22 01:54:41]: §3[nLogin] [DEBUG] [SQLite] [UPDATE]: "UPDATE `nlogin` SET `last_name` = 'Gimu_fr', `unique_id` = 0c969dc516bf38528618219727a6ee5f,  `mojang_id` = null,  `bedrock_id` = null,  `password` = '$2a$10$9Wzjm5lv0wM9cpSvte7ZR.5EzxNVW5BMRMjuZJejBmFINwcmuYnc6', `last_ip` = '0:0:0:0:0:0:0:1', `creation_date` = 2025-12-15 01:31:43.94, `last_seen` = 2025-12-22 01:54:41.949, `email` = null, `discord` = null, `settings` = '{"settings":[{"value":"auth","key":"last-server"},{"value":"en","key":"language"}],"version":0}' WHERE `ai` = 3" (applied to [last_ip, last_seen, settings] columns)
[2025/12/22 01:54:41]: [nLogin] The user Gimu_fr has successfully logged in.
[2025/12/22 01:54:44]: §3[nLogin] [DEBUG] [SQLite] [UPDATE]: "UPDATE `nlogin` SET `last_name` = 'Gimu_fr', `unique_id` = 0c969dc516bf38528618219727a6ee5f,  `mojang_id` = null,  `bedrock_id` = null,  `password` = '$2a$10$9Wzjm5lv0wM9cpSvte7ZR.5EzxNVW5BMRMjuZJejBmFINwcmuYnc6', `last_ip` = '0:0:0:0:0:0:0:1', `creation_date` = 2025-12-15 01:31:43.94, `last_seen` = 2025-12-22 01:54:44.568, `email` = null, `discord` = null, `settings` = '{"settings":[{"value":"auth","key":"last-server"},{"value":"en","key":"language"}],"version":0}' WHERE `ai` = 3" (applied to [last_seen, settings] columns)
[2025/12/22 01:54:58]: §3[nLogin] [DEBUG] [SQLite] [UPDATE]: "UPDATE `nlogin` SET `last_name` = 'Gimu_fr', `unique_id` = 0c969dc516bf38528618219727a6ee5f,  `mojang_id` = null,  `bedrock_id` = null,  `password` = '$2a$10$9Wzjm5lv0wM9cpSvte7ZR.5EzxNVW5BMRMjuZJejBmFINwcmuYnc6', `last_ip` = '0:0:0:0:0:0:0:1', `creation_date` = 2025-12-15 01:31:43.94, `last_seen` = 2025-12-22 01:54:58.451, `email` = null, `discord` = null, `settings` = '{"settings":[{"value":"auth","key":"last-server"},{"value":"en","key":"language"}],"version":0}' WHERE `ai` = 3" (applied to [last_ip, last_seen, settings] columns)
[2025/12/22 01:54:58]: [nLogin] The user Gimu_fr has successfully logged in.
[2025/12/22 01:55:00]: §3[nLogin] [DEBUG] [SQLite] [UPDATE]: "UPDATE `nlogin` SET `last_name` = 'Gimu_fr', `unique_id` = 0c969dc516bf38528618219727a6ee5f,  `mojang_id` = null,  `bedrock_id` = null,  `password` = '$2a$10$9Wzjm5lv0wM9cpSvte7ZR.5EzxNVW5BMRMjuZJejBmFINwcmuYnc6', `last_ip` = '0:0:0:0:0:0:0:1', `creation_date` = 2025-12-15 01:31:43.94, `last_seen` = 2025-12-22 01:55:00.417, `email` = null, `discord` = null, `settings` = '{"settings":[{"value":"auth","key":"last-server"},{"value":"en","key":"language"}],"version":0}' WHERE `ai` = 3" (applied to [last_seen, settings] columns)
[2025/12/22 01:55:33]: §3[nLogin] [DEBUG] [SQLite] [UPDATE]: "UPDATE `nlogin` SET `last_name` = 'Jmofrfr', `unique_id` = a3f2fbbe76eb3b82874f6b0c5d6c0bf1,  `mojang_id` = null,  `bedrock_id` = null,  `password` = '$2a$10$RSpB72MknEhFlux5KpjO6OP/OCMlaFsrlTxy/jtgWPeoQjRIrm.T.', `last_ip` = '0:0:0:0:0:0:0:1', `creation_date` = 2025-12-15 01:34:55.206, `last_seen` = 2025-12-22 01:55:33.49, `email` = null, `discord` = null, `settings` = '{"settings":[{"value":"auth","key":"last-server"},{"value":"en","key":"language"}],"version":0}' WHERE `ai` = 5" (applied to [last_ip, last_seen, settings] columns)
[2025/12/22 01:55:33]: [nLogin] The user Jmofrfr has successfully logged in.
[2025/12/22 01:55:42]: §3[nLogin] [DEBUG] [SQLite] [UPDATE]: "UPDATE `nlogin` SET `last_name` = 'Gimu_fr', `unique_id` = 0c969dc516bf38528618219727a6ee5f,  `mojang_id` = null,  `bedrock_id` = null,  `password` = '$2a$10$9Wzjm5lv0wM9cpSvte7ZR.5EzxNVW5BMRMjuZJejBmFINwcmuYnc6', `last_ip` = '0:0:0:0:0:0:0:1', `creation_date` = 2025-12-15 01:31:43.94, `last_seen` = 2025-12-22 01:55:42.222, `email` = null, `discord` = null, `settings` = '{"settings":[{"value":"auth","key":"last-server"},{"value":"en","key":"language"}],"version":0}' WHERE `ai` = 3" (applied to [last_ip, last_seen, settings] columns)
[2025/12/22 01:55:42]: [nLogin] The user Gimu_fr has successfully logged in.
[2025/12/22 01:57:05]: §3[nLogin] [DEBUG] [SQLite] [UPDATE]: "UPDATE `nlogin` SET `last_name` = 'Gimu_fr', `unique_id` = 0c969dc516bf38528618219727a6ee5f,  `mojang_id` = null,  `bedrock_id` = null,  `password` = '$2a$10$9Wzjm5lv0wM9cpSvte7ZR.5EzxNVW5BMRMjuZJejBmFINwcmuYnc6', `last_ip` = '0:0:0:0:0:0:0:1', `creation_date` = 2025-12-15 01:31:43.94, `last_seen` = 2025-12-22 01:57:05.608, `email` = null, `discord` = null, `settings` = '{"settings":[{"value":"auth","key":"last-server"},{"value":"en","key":"language"}],"version":0}' WHERE `ai` = 3" (applied to [last_seen, settings] columns)
[2025/12/22 01:57:21]: §3[nLogin] [DEBUG] [SQLite] [UPDATE]: "UPDATE `nlogin` SET `last_name` = 'Gimu_fr', `unique_id` = 0c969dc516bf38528618219727a6ee5f,  `mojang_id` = null,  `bedrock_id` = null,  `password` = '$2a$10$9Wzjm5lv0wM9cpSvte7ZR.5EzxNVW5BMRMjuZJejBmFINwcmuYnc6', `last_ip` = '0:0:0:0:0:0:0:1', `creation_date` = 2025-12-15 01:31:43.94, `last_seen` = 2025-12-22 01:57:21.197, `email` = null, `discord` = null, `settings` = '{"settings":[{"value":"auth","key":"last-server"},{"value":"en","key":"language"}],"version":0}' WHERE `ai` = 3" (applied to [last_ip, last_seen, settings] columns)
[2025/12/22 01:57:21]: [nLogin] The user Gimu_fr has successfully logged in.
[2025/12/22 01:57:33]: §3[nLogin] [DEBUG] [SQLite] [UPDATE]: "UPDATE `nlogin` SET `last_name` = 'Gimu_fr', `unique_id` = 0c969dc516bf38528618219727a6ee5f,  `mojang_id` = null,  `bedrock_id` = null,  `password` = '$2a$10$9Wzjm5lv0wM9cpSvte7ZR.5EzxNVW5BMRMjuZJejBmFINwcmuYnc6', `last_ip` = '0:0:0:0:0:0:0:1', `creation_date` = 2025-12-15 01:31:43.94, `last_seen` = 2025-12-22 01:57:33.365, `email` = null, `discord` = null, `settings` = '{"settings":[{"value":"auth","key":"last-server"},{"value":"en","key":"language"}],"version":0}' WHERE `ai` = 3" (applied to [last_seen, settings] columns)
[2025/12/22 01:57:41]: §3[nLogin] [DEBUG] [SQLite] [UPDATE]: "UPDATE `nlogin` SET `last_name` = 'Gimu_fr', `unique_id` = 0c969dc516bf38528618219727a6ee5f,  `mojang_id` = null,  `bedrock_id` = null,  `password` = '$2a$10$9Wzjm5lv0wM9cpSvte7ZR.5EzxNVW5BMRMjuZJejBmFINwcmuYnc6', `last_ip` = '0:0:0:0:0:0:0:1', `creation_date` = 2025-12-15 01:31:43.94, `last_seen` = 2025-12-22 01:57:41.496, `email` = null, `discord` = null, `settings` = '{"settings":[{"value":"auth","key":"last-server"},{"value":"en","key":"language"}],"version":0}' WHERE `ai` = 3" (applied to [last_ip, last_seen, settings] columns)
[2025/12/22 01:57:41]: [nLogin] The user Gimu_fr has successfully logged in.
[2025/12/22 01:57:47]: §3[nLogin] [DEBUG] [SQLite] [UPDATE]: "UPDATE `nlogin` SET `last_name` = 'Gimu_fr', `unique_id` = 0c969dc516bf38528618219727a6ee5f,  `mojang_id` = null,  `bedrock_id` = null,  `password` = '$2a$10$9Wzjm5lv0wM9cpSvte7ZR.5EzxNVW5BMRMjuZJejBmFINwcmuYnc6', `last_ip` = '0:0:0:0:0:0:0:1', `creation_date` = 2025-12-15 01:31:43.94, `last_seen` = 2025-12-22 01:57:47.817, `email` = null, `discord` = null, `settings` = '{"settings":[{"value":"auth","key":"last-server"},{"value":"en","key":"language"}],"version":0}' WHERE `ai` = 3" (applied to [last_seen, settings] columns)
[2025/12/22 01:57:56]: §3[nLogin] [DEBUG] [SQLite] [UPDATE]: "UPDATE `nlogin` SET `last_name` = 'Gimu_fr', `unique_id` = 0c969dc516bf38528618219727a6ee5f,  `mojang_id` = null,  `bedrock_id` = null,  `password` = '$2a$10$9Wzjm5lv0wM9cpSvte7ZR.5EzxNVW5BMRMjuZJejBmFINwcmuYnc6', `last_ip` = '0:0:0:0:0:0:0:1', `creation_date` = 2025-12-15 01:31:43.94, `last_seen` = 2025-12-22 01:57:56.397, `email` = null, `discord` = null, `settings` = '{"settings":[{"value":"auth","key":"last-server"},{"value":"en","key":"language"}],"version":0}' WHERE `ai` = 3" (applied to [last_ip, last_seen, settings] columns)
[2025/12/22 01:57:56]: [nLogin] The user Gimu_fr has successfully logged in.
[2025/12/22 01:58:06]: §3[nLogin] [DEBUG] [SQLite] [UPDATE]: "UPDATE `nlogin` SET `last_name` = 'MrIrishMan_fr', `unique_id` = 3876d5f2ed0335498d45d005e901c940,  `mojang_id` = null,  `bedrock_id` = null,  `password` = '$2a$10$OZlREzwrYaiJqttnThOS.uQKIB7Cls5VAWDkeV3RoDx7bBczEZATC', `last_ip` = '0:0:0:0:0:0:0:1', `creation_date` = 2025-12-15 01:33:34.864, `last_seen` = 2025-12-22 01:58:06.659, `email` = null, `discord` = null, `settings` = '{"settings":[{"value":"auth","key":"last-server"},{"value":"en","key":"language"}],"version":0}' WHERE `ai` = 4" (applied to [last_seen, settings] columns)
[2025/12/22 01:58:07]: §3[nLogin] [DEBUG] [SQLite] [UPDATE]: "UPDATE `nlogin` SET `last_name` = 'Gimu_fr', `unique_id` = 0c969dc516bf38528618219727a6ee5f,  `mojang_id` = null,  `bedrock_id` = null,  `password` = '$2a$10$9Wzjm5lv0wM9cpSvte7ZR.5EzxNVW5BMRMjuZJejBmFINwcmuYnc6', `last_ip` = '0:0:0:0:0:0:0:1', `creation_date` = 2025-12-15 01:31:43.94, `last_seen` = 2025-12-22 01:58:07.464, `email` = null, `discord` = null, `settings` = '{"settings":[{"value":"auth","key":"last-server"},{"value":"en","key":"language"}],"version":0}' WHERE `ai` = 3" (applied to [last_seen, settings] columns)
[2025/12/22 01:58:16]: §3[nLogin] [DEBUG] [SQLite] [UPDATE]: "UPDATE `nlogin` SET `last_name` = 'MrIrishMan_fr', `unique_id` = 3876d5f2ed0335498d45d005e901c940,  `mojang_id` = null,  `bedrock_id` = null,  `password` = '$2a$10$OZlREzwrYaiJqttnThOS.uQKIB7Cls5VAWDkeV3RoDx7bBczEZATC', `last_ip` = '0:0:0:0:0:0:0:1', `creation_date` = 2025-12-15 01:33:34.864, `last_seen` = 2025-12-22 01:58:16.683, `email` = null, `discord` = null, `settings` = '{"settings":[{"value":"auth","key":"last-server"},{"value":"en","key":"language"}],"version":0}' WHERE `ai` = 4" (applied to [last_ip, last_seen, settings] columns)
[2025/12/22 01:58:16]: [nLogin] The user MrIrishMan_fr has successfully logged in.
[2025/12/22 01:58:23]: §3[nLogin] [DEBUG] The Gimu_fr (0:0:0:0:0:0:0:1) player entered an incorrect password
[2025/12/22 01:58:36]: §3[nLogin] [DEBUG] [SQLite] [UPDATE]: "UPDATE `nlogin` SET `last_name` = 'Gimu_fr', `unique_id` = 0c969dc516bf38528618219727a6ee5f,  `mojang_id` = null,  `bedrock_id` = null,  `password` = '$2a$10$9Wzjm5lv0wM9cpSvte7ZR.5EzxNVW5BMRMjuZJejBmFINwcmuYnc6', `last_ip` = '0:0:0:0:0:0:0:1', `creation_date` = 2025-12-15 01:31:43.94, `last_seen` = 2025-12-22 01:58:36.73, `email` = null, `discord` = null, `settings` = '{"settings":[{"value":"auth","key":"last-server"},{"value":"en","key":"language"}],"version":0}' WHERE `ai` = 3" (applied to [last_ip, last_seen, settings] columns)
[2025/12/22 01:58:36]: [nLogin] The user Gimu_fr has successfully logged in.
[2025/12/22 01:58:39]: §3[nLogin] [DEBUG] [SQLite] [UPDATE]: "UPDATE `nlogin` SET `last_name` = 'Gimu_fr', `unique_id` = 0c969dc516bf38528618219727a6ee5f,  `mojang_id` = null,  `bedrock_id` = null,  `password` = '$2a$10$9Wzjm5lv0wM9cpSvte7ZR.5EzxNVW5BMRMjuZJejBmFINwcmuYnc6', `last_ip` = '0:0:0:0:0:0:0:1', `creation_date` = 2025-12-15 01:31:43.94, `last_seen` = 2025-12-22 01:58:39.569, `email` = null, `discord` = null, `settings` = '{"settings":[{"value":"auth","key":"last-server"},{"value":"en","key":"language"}],"version":0}' WHERE `ai` = 3" (applied to [last_seen, settings] columns)
[2025/12/22 01:58:46]: §3[nLogin] [DEBUG] [SQLite] [UPDATE]: "UPDATE `nlogin` SET `last_name` = 'Gimu_fr', `unique_id` = 0c969dc516bf38528618219727a6ee5f,  `mojang_id` = null,  `bedrock_id` = null,  `password` = '$2a$10$9Wzjm5lv0wM9cpSvte7ZR.5EzxNVW5BMRMjuZJejBmFINwcmuYnc6', `last_ip` = '0:0:0:0:0:0:0:1', `creation_date` = 2025-12-15 01:31:43.94, `last_seen` = 2025-12-22 01:58:46.744, `email` = null, `discord` = null, `settings` = '{"settings":[{"value":"auth","key":"last-server"},{"value":"en","key":"language"}],"version":0}' WHERE `ai` = 3" (applied to [last_ip, last_seen, settings] columns)
[2025/12/22 01:58:46]: [nLogin] The user Gimu_fr has successfully logged in.
[2025/12/22 01:58:57]: §3[nLogin] [DEBUG] [SQLite] [UPDATE]: "UPDATE `nlogin` SET `last_name` = 'Gimu_fr', `unique_id` = 0c969dc516bf38528618219727a6ee5f,  `mojang_id` = null,  `bedrock_id` = null,  `password` = '$2a$10$9Wzjm5lv0wM9cpSvte7ZR.5EzxNVW5BMRMjuZJejBmFINwcmuYnc6', `last_ip` = '0:0:0:0:0:0:0:1', `creation_date` = 2025-12-15 01:31:43.94, `last_seen` = 2025-12-22 01:58:57.111, `email` = null, `discord` = null, `settings` = '{"settings":[{"value":"auth","key":"last-server"},{"value":"en","key":"language"}],"version":0}' WHERE `ai` = 3" (applied to [last_seen, settings] columns)
[2025/12/22 01:59:06]: §3[nLogin] [DEBUG] [SQLite] [UPDATE]: "UPDATE `nlogin` SET `last_name` = 'Jmofrfr', `unique_id` = a3f2fbbe76eb3b82874f6b0c5d6c0bf1,  `mojang_id` = null,  `bedrock_id` = null,  `password` = '$2a$10$RSpB72MknEhFlux5KpjO6OP/OCMlaFsrlTxy/jtgWPeoQjRIrm.T.', `last_ip` = '0:0:0:0:0:0:0:1', `creation_date` = 2025-12-15 01:34:55.206, `last_seen` = 2025-12-22 01:59:06.767, `email` = null, `discord` = null, `settings` = '{"settings":[{"value":"auth","key":"last-server"},{"value":"en","key":"language"}],"version":0}' WHERE `ai` = 5" (applied to [last_seen, settings] columns)
[2025/12/22 01:59:16]: §3[nLogin] [DEBUG] [SQLite] [UPDATE]: "UPDATE `nlogin` SET `last_name` = 'Gimu_fr', `unique_id` = 0c969dc516bf38528618219727a6ee5f,  `mojang_id` = null,  `bedrock_id` = null,  `password` = '$2a$10$9Wzjm5lv0wM9cpSvte7ZR.5EzxNVW5BMRMjuZJejBmFINwcmuYnc6', `last_ip` = '0:0:0:0:0:0:0:1', `creation_date` = 2025-12-15 01:31:43.94, `last_seen` = 2025-12-22 01:59:16.695, `email` = null, `discord` = null, `settings` = '{"settings":[{"value":"auth","key":"last-server"},{"value":"en","key":"language"}],"version":0}' WHERE `ai` = 3" (applied to [last_ip, last_seen, settings] columns)
[2025/12/22 01:59:16]: [nLogin] The user Gimu_fr has successfully logged in.
[2025/12/22 01:59:20]: §3[nLogin] [DEBUG] [SQLite] [UPDATE]: "UPDATE `nlogin` SET `last_name` = 'Gimu_fr', `unique_id` = 0c969dc516bf38528618219727a6ee5f,  `mojang_id` = null,  `bedrock_id` = null,  `password` = '$2a$10$9Wzjm5lv0wM9cpSvte7ZR.5EzxNVW5BMRMjuZJejBmFINwcmuYnc6', `last_ip` = '0:0:0:0:0:0:0:1', `creation_date` = 2025-12-15 01:31:43.94, `last_seen` = 2025-12-22 01:59:20.418, `email` = null, `discord` = null, `settings` = '{"settings":[{"value":"auth","key":"last-server"},{"value":"en","key":"language"}],"version":0}' WHERE `ai` = 3" (applied to [last_seen, settings] columns)
[2025/12/22 02:00:41]: §3[nLogin] [DEBUG] [SQLite] [UPDATE]: "UPDATE `nlogin` SET `last_name` = 'Gimu_fr', `unique_id` = 0c969dc516bf38528618219727a6ee5f,  `mojang_id` = null,  `bedrock_id` = null,  `password` = '$2a$10$9Wzjm5lv0wM9cpSvte7ZR.5EzxNVW5BMRMjuZJejBmFINwcmuYnc6', `last_ip` = '0:0:0:0:0:0:0:1', `creation_date` = 2025-12-15 01:31:43.94, `last_seen` = 2025-12-22 02:00:41.333, `email` = null, `discord` = null, `settings` = '{"settings":[{"value":"auth","key":"last-server"},{"value":"en","key":"language"}],"version":0}' WHERE `ai` = 3" (applied to [last_ip, last_seen, settings] columns)
[2025/12/22 02:00:41]: [nLogin] The user Gimu_fr has successfully logged in.
[2025/12/22 02:00:47]: §3[nLogin] [DEBUG] [SQLite] [UPDATE]: "UPDATE `nlogin` SET `last_name` = 'Gimu_fr', `unique_id` = 0c969dc516bf38528618219727a6ee5f,  `mojang_id` = null,  `bedrock_id` = null,  `password` = '$2a$10$9Wzjm5lv0wM9cpSvte7ZR.5EzxNVW5BMRMjuZJejBmFINwcmuYnc6', `last_ip` = '0:0:0:0:0:0:0:1', `creation_date` = 2025-12-15 01:31:43.94, `last_seen` = 2025-12-22 02:00:47.653, `email` = null, `discord` = null, `settings` = '{"settings":[{"value":"auth","key":"last-server"},{"value":"en","key":"language"}],"version":0}' WHERE `ai` = 3" (applied to [last_seen, settings] columns)
