[2025/12/17 21:08:41]: §9          __             _       
[2025/12/17 21:08:41]: §9  _ __   / /  ___   __ _(_)_ __  
[2025/12/17 21:08:41]: §9 | '_ \ / /  / _ \ / _` | | '_ \ 
[2025/12/17 21:08:41]: §9 | | | / /__| (_) | (_| | | | | |
[2025/12/17 21:08:41]: §9 |_| |_\____/\___/ \__, |_|_| |_|
[2025/12/17 21:08:41]: §9                  |___/            
[2025/12/17 21:08:41]: §9 By: www.nickuc.com - V 10.4.23
[2025/12/17 21:08:41]: §9 
[2025/12/17 21:08:42]: §3[nLogin] [DEBUG] All settings were loaded in 222 ms.
[2025/12/17 21:08:42]: §3[nLogin] [DEBUG] Loading the messages_en.yml message file...
[2025/12/17 21:08:42]: §3[nLogin] [DEBUG] All plugin messages were loaded in 86 ms (languageByClient=false).
[2025/12/17 21:08:42]: §3[nLogin] [DEBUG] All proxy settings were loaded in 19 ms.
[2025/12/17 21:08:42]: §3[nLogin] [DEBUG] Loading database...
[2025/12/17 21:08:42]: §3[nLogin] [DEBUG] Starting logger filter...
[2025/12/17 21:08:47]: 
[2025/12/17 21:08:47]:  §bThank you so much for choosing nLogin! §4<3
[2025/12/17 21:08:47]: 
[2025/12/17 21:08:47]:  §4For your safety, please read the message below:
[2025/12/17 21:08:47]:   §cNever download nLogin from unknown sources.
[2025/12/17 21:08:47]:   §cA modified version may contain malicious software.
[2025/12/17 21:08:47]: 
[2025/12/17 21:08:47]:  §3Trusted sources:
[2025/12/17 21:08:47]:   §bwww.nickuc.com
[2025/12/17 21:08:47]:   §bwww.github.com/nickuc
[2025/12/17 21:08:47]:   §bOpeNLogin installer (from Spigot or GitHub)
[2025/12/17 21:08:47]: 
[2025/12/17 21:08:47]:  §3Official support channels:
[2025/12/17 21:08:47]:   §bDiscord group: §fwww.nickuc.com/discord
[2025/12/17 21:08:47]:   §bDocumentation: §fdocs.nickuc.com/nlogin/
[2025/12/17 21:08:47]:   §bEmail: §fsupport@nickuc.com
[2025/12/17 21:08:47]:   §bYouTube: §fyoutube.com/nickuc
[2025/12/17 21:08:47]: 
[2025/12/17 21:08:47]:  §eTo remove this warning, log in with "nlogin.admin" permission on the server
[2025/12/17 21:08:47]:  §eand click the "Setup plugin" button to configure your plugin.
[2025/12/17 21:08:47]: 
[2025/12/17 21:26:29]: §3[nLogin] [DEBUG] [SQLite] [UPDATE]: "UPDATE `nlogin` SET `last_name` = 'Jmofrfr', `unique_id` = a3f2fbbe76eb3b82874f6b0c5d6c0bf1,  `mojang_id` = null,  `bedrock_id` = null,  `password` = '$2a$10$RSpB72MknEhFlux5KpjO6OP/OCMlaFsrlTxy/jtgWPeoQjRIrm.T.', `last_ip` = '0:0:0:0:0:0:0:1', `creation_date` = 2025-12-15 01:34:55.206, `last_seen` = 2025-12-17 21:26:29.727, `email` = null, `discord` = null, `settings` = '{"settings":[{"value":"survival","key":"last-server"},{"value":"en","key":"language"}],"version":0}' WHERE `ai` = 5" (applied to [last_ip, last_seen, settings] columns)
[2025/12/17 21:26:29]: [nLogin] The user Jmofrfr has successfully logged in.
[2025/12/17 21:26:29]: §3[nLogin] [DEBUG] [SQLite] [UPDATE]: "INSERT INTO `nlogin` (`last_name`, `unique_id`, `mojang_id`, `bedrock_id`, `password`, `last_ip`, `creation_date`, `last_seen`, `email`, `discord`, `settings`) VALUES ('Lucifer_', eebfcc2946ad3bc5858b16fb07b9c99c, null, null, '$2a$10$cTKvEhhTnYe2OL3ImC9r0.BHpv0m0o.y5wnRoqyB/YSldxgK5Q.RW', '0:0:0:0:0:0:0:1', '2025-12-17 21:26:29.642', '2025-12-17 21:26:29.642', null, null, '{"settings":[{"value":true,"key":"force-invalid-session"}],"version":0}')" (applied to all columns)
[2025/12/17 21:26:29]: [nLogin] The user Lucifer_ has successfully registered.
[2025/12/17 21:26:52]: §3[nLogin] [DEBUG] [SQLite] [UPDATE]: "UPDATE `nlogin` SET `last_name` = 'Lucifer_', `unique_id` = eebfcc2946ad3bc5858b16fb07b9c99c,  `mojang_id` = null,  `bedrock_id` = null,  `password` = '$2a$10$cTKvEhhTnYe2OL3ImC9r0.BHpv0m0o.y5wnRoqyB/YSldxgK5Q.RW', `last_ip` = '0:0:0:0:0:0:0:1', `creation_date` = 2025-12-17 21:26:29.642, `last_seen` = 2025-12-17 21:26:52.45, `email` = null, `discord` = null, `settings` = '{"settings":[{"value":true,"key":"force-invalid-session"},{"value":"survival","key":"last-server"},{"value":"en","key":"language"}],"version":0}' WHERE `ai` = 7" (applied to [last_seen, settings] columns)
[2025/12/17 21:27:32]: §3[nLogin] [DEBUG] [SQLite] [UPDATE]: "INSERT INTO `nlogin` (`last_name`, `unique_id`, `mojang_id`, `bedrock_id`, `password`, `last_ip`, `creation_date`, `last_seen`, `email`, `discord`, `settings`) VALUES ('ChaosBringer', 11b59bae4f6d35a9bd7da6e8ff9a2703, null, null, '$2a$10$JyMT3yXY09NsqmbwJAWZsebDXkyAGWKIDI14xAO5l/.wp0axCfH0G', '0:0:0:0:0:0:0:1', '2025-12-17 21:27:32.503', '2025-12-17 21:27:32.503', null, null, '{"settings":[{"value":true,"key":"force-invalid-session"}],"version":0}')" (applied to all columns)
[2025/12/17 21:27:32]: [nLogin] The user ChaosBringer has successfully registered.
[2025/12/17 21:35:05]: §3[nLogin] [DEBUG] [SQLite] [UPDATE]: "UPDATE `nlogin` SET `last_name` = 'ChaosBringer', `unique_id` = 11b59bae4f6d35a9bd7da6e8ff9a2703,  `mojang_id` = null,  `bedrock_id` = null,  `password` = '$2a$10$JyMT3yXY09NsqmbwJAWZsebDXkyAGWKIDI14xAO5l/.wp0axCfH0G', `last_ip` = '0:0:0:0:0:0:0:1', `creation_date` = 2025-12-17 21:27:32.503, `last_seen` = 2025-12-17 21:35:05.071, `email` = null, `discord` = null, `settings` = '{"settings":[{"value":true,"key":"force-invalid-session"},{"value":"survival","key":"last-server"},{"value":"en","key":"language"}],"version":0}' WHERE `ai` = 8" (applied to [last_seen, settings] columns)
[2025/12/17 21:35:36]: §3[nLogin] [DEBUG] [SQLite] [UPDATE]: "UPDATE `nlogin` SET `last_name` = 'Jmofrfr', `unique_id` = a3f2fbbe76eb3b82874f6b0c5d6c0bf1,  `mojang_id` = null,  `bedrock_id` = null,  `password` = '$2a$10$RSpB72MknEhFlux5KpjO6OP/OCMlaFsrlTxy/jtgWPeoQjRIrm.T.', `last_ip` = '0:0:0:0:0:0:0:1', `creation_date` = 2025-12-15 01:34:55.206, `last_seen` = 2025-12-17 21:35:36.333, `email` = null, `discord` = null, `settings` = '{"settings":[{"value":"survival","key":"last-server"},{"value":"en","key":"language"}],"version":0}' WHERE `ai` = 5" (applied to [last_seen, settings] columns)
