[2025/12/23 23:44:00]: §9          __             _       
[2025/12/23 23:44:00]: §9  _ __   / /  ___   __ _(_)_ __  
[2025/12/23 23:44:00]: §9 | '_ \ / /  / _ \ / _` | | '_ \ 
[2025/12/23 23:44:00]: §9 | | | / /__| (_) | (_| | | | | |
[2025/12/23 23:44:00]: §9 |_| |_\____/\___/ \__, |_|_| |_|
[2025/12/23 23:44:00]: §9                  |___/            
[2025/12/23 23:44:00]: §9 By: www.nickuc.com - V 10.4.23
[2025/12/23 23:44:00]: §9 
[2025/12/23 23:44:00]: §3[nLogin] [DEBUG] All settings were loaded in 230 ms.
[2025/12/23 23:44:01]: §3[nLogin] [DEBUG] Loading the messages_en.yml message file...
[2025/12/23 23:44:01]: §3[nLogin] [DEBUG] All plugin messages were loaded in 81 ms (languageByClient=false).
[2025/12/23 23:44:01]: §3[nLogin] [DEBUG] All proxy settings were loaded in 21 ms.
[2025/12/23 23:44:01]: §3[nLogin] [DEBUG] Loading database...
[2025/12/23 23:44:01]: §3[nLogin] [DEBUG] Starting logger filter...
[2025/12/23 23:44:06]: 
[2025/12/23 23:44:06]:  §bThank you so much for choosing nLogin! §4<3
[2025/12/23 23:44:06]: 
[2025/12/23 23:44:06]:  §4For your safety, please read the message below:
[2025/12/23 23:44:06]:   §cNever download nLogin from unknown sources.
[2025/12/23 23:44:06]:   §cA modified version may contain malicious software.
[2025/12/23 23:44:06]: 
[2025/12/23 23:44:06]:  §3Trusted sources:
[2025/12/23 23:44:06]:   §bwww.nickuc.com
[2025/12/23 23:44:06]:   §bwww.github.com/nickuc
[2025/12/23 23:44:06]:   §bOpeNLogin installer (from Spigot or GitHub)
[2025/12/23 23:44:06]: 
[2025/12/23 23:44:06]:  §3Official support channels:
[2025/12/23 23:44:06]:   §bDiscord group: §fwww.nickuc.com/discord
[2025/12/23 23:44:06]:   §bDocumentation: §fdocs.nickuc.com/nlogin/
[2025/12/23 23:44:06]:   §bEmail: §fsupport@nickuc.com
[2025/12/23 23:44:06]:   §bYouTube: §fyoutube.com/nickuc
[2025/12/23 23:44:06]: 
[2025/12/23 23:44:06]:  §eTo remove this warning, log in with "nlogin.admin" permission on the server
[2025/12/23 23:44:06]:  §eand click the "Setup plugin" button to configure your plugin.
[2025/12/23 23:44:06]: 
[2025/12/23 23:45:38]: §3[nLogin] [DEBUG] The Gimu_fr (0:0:0:0:0:0:0:1) player entered an incorrect password
[2025/12/23 23:45:52]: §3[nLogin] [DEBUG] [SQLite] [UPDATE]: "UPDATE `nlogin` SET `last_name` = 'Gimu_fr', `unique_id` = 0c969dc516bf38528618219727a6ee5f,  `mojang_id` = null,  `bedrock_id` = null,  `password` = '$2a$10$9Wzjm5lv0wM9cpSvte7ZR.5EzxNVW5BMRMjuZJejBmFINwcmuYnc6', `last_ip` = '0:0:0:0:0:0:0:1', `creation_date` = 2025-12-15 01:31:43.94, `last_seen` = 2025-12-23 23:45:52.204, `email` = null, `discord` = null, `settings` = '{"settings":[{"value":"auth","key":"last-server"},{"value":"en","key":"language"}],"version":0}' WHERE `ai` = 3" (applied to [last_ip, last_seen, settings] columns)
[2025/12/23 23:45:52]: [nLogin] The user Gimu_fr has successfully logged in.
[2025/12/23 23:59:17]: §3[nLogin] [DEBUG] [SQLite] [UPDATE]: "UPDATE `nlogin` SET `last_name` = 'Jmofrfr', `unique_id` = a3f2fbbe76eb3b82874f6b0c5d6c0bf1,  `mojang_id` = null,  `bedrock_id` = null,  `password` = '$2a$10$RSpB72MknEhFlux5KpjO6OP/OCMlaFsrlTxy/jtgWPeoQjRIrm.T.', `last_ip` = '0:0:0:0:0:0:0:1', `creation_date` = 2025-12-15 01:34:55.206, `last_seen` = 2025-12-23 23:59:17.705, `email` = null, `discord` = null, `settings` = '{"settings":[{"value":"auth","key":"last-server"},{"value":"en","key":"language"}],"version":0}' WHERE `ai` = 5" (applied to [last_ip, last_seen, settings] columns)
[2025/12/23 23:59:17]: [nLogin] The user Jmofrfr has successfully logged in.
[2025/12/24 00:03:00]: §3[nLogin] [DEBUG] [SQLite] [UPDATE]: "INSERT INTO `nlogin` (`last_name`, `unique_id`, `mojang_id`, `bedrock_id`, `password`, `last_ip`, `creation_date`, `last_seen`, `email`, `discord`, `settings`) VALUES ('Hacker_test', f8d64144cb363988a92c96b240ccda4b, null, null, '$2a$10$r7F0b9yKjT3ZrbO0sFqtP.nf869i/erfYKEd0sn.BQUvkDxYP4DVK', '0:0:0:0:0:0:0:1', '2025-12-24 00:03:00.176', '2025-12-24 00:03:00.176', null, null, '{"settings":[{"value":true,"key":"force-invalid-session"}],"version":0}')" (applied to all columns)
[2025/12/24 00:03:00]: [nLogin] The user Hacker_test has successfully registered.
[2025/12/24 00:08:11]: §3[nLogin] [DEBUG] [SQLite] [UPDATE]: "UPDATE `nlogin` SET `last_name` = 'Hacker_test', `unique_id` = f8d64144cb363988a92c96b240ccda4b,  `mojang_id` = null,  `bedrock_id` = null,  `password` = '$2a$10$r7F0b9yKjT3ZrbO0sFqtP.nf869i/erfYKEd0sn.BQUvkDxYP4DVK', `last_ip` = '0:0:0:0:0:0:0:1', `creation_date` = 2025-12-24 00:03:00.176, `last_seen` = 2025-12-24 00:08:11.66, `email` = null, `discord` = null, `settings` = '{"settings":[{"value":true,"key":"force-invalid-session"},{"value":"auth","key":"last-server"},{"value":"en","key":"language"}],"version":0}' WHERE `ai` = 11" (applied to [last_seen, settings] columns)
[2025/12/24 00:23:44]: §3[nLogin] [DEBUG] [SQLite] [UPDATE]: "UPDATE `nlogin` SET `last_name` = 'Gimu_fr', `unique_id` = 0c969dc516bf38528618219727a6ee5f,  `mojang_id` = null,  `bedrock_id` = null,  `password` = '$2a$10$9Wzjm5lv0wM9cpSvte7ZR.5EzxNVW5BMRMjuZJejBmFINwcmuYnc6', `last_ip` = '0:0:0:0:0:0:0:1', `creation_date` = 2025-12-15 01:31:43.94, `last_seen` = 2025-12-24 00:23:44.857, `email` = null, `discord` = null, `settings` = '{"settings":[{"value":"survival","key":"last-server"},{"value":"en","key":"language"}],"version":0}' WHERE `ai` = 3" (applied to [last_seen, settings] columns)
[2025/12/24 00:30:45]: §3[nLogin] [DEBUG] [SQLite] [UPDATE]: "INSERT INTO `nlogin` (`last_name`, `unique_id`, `mojang_id`, `bedrock_id`, `password`, `last_ip`, `creation_date`, `last_seen`, `email`, `discord`, `settings`) VALUES ('AaronRulez_Fr', 3d7faa0ef6d13bd39c03c952c7b29b80, null, null, '$2a$10$t/tMXTPBeGrEBZQIat3XLOWy/Vq8chwVYAsUGRgVk0rkkV1ATIGp.', '0:0:0:0:0:0:0:1', '2025-12-24 00:30:45.412', '2025-12-24 00:30:45.412', null, null, '{"settings":[{"value":true,"key":"force-invalid-session"}],"version":0}')" (applied to all columns)
[2025/12/24 00:30:45]: [nLogin] The user AaronRulez_Fr has successfully registered.
[2025/12/24 00:30:46]: §3[nLogin] [DEBUG] [SQLite] [UPDATE]: "UPDATE `nlogin` SET `last_name` = 'AaronRulez_Fr', `unique_id` = 3d7faa0ef6d13bd39c03c952c7b29b80,  `mojang_id` = null,  `bedrock_id` = null,  `password` = '$2a$10$t/tMXTPBeGrEBZQIat3XLOWy/Vq8chwVYAsUGRgVk0rkkV1ATIGp.', `last_ip` = '0:0:0:0:0:0:0:1', `creation_date` = 2025-12-24 00:30:45.412, `last_seen` = 2025-12-24 00:30:46.966, `email` = null, `discord` = null, `settings` = '{"settings":[{"value":true,"key":"force-invalid-session"},{"value":"auth","key":"last-server"},{"value":"en","key":"language"}],"version":0}' WHERE `ai` = 12" (applied to [last_seen, settings] columns)
[2025/12/24 00:39:32]: §3[nLogin] [DEBUG] [SQLite] [UPDATE]: "UPDATE `nlogin` SET `last_name` = 'Jmofrfr', `unique_id` = a3f2fbbe76eb3b82874f6b0c5d6c0bf1,  `mojang_id` = null,  `bedrock_id` = null,  `password` = '$2a$10$RSpB72MknEhFlux5KpjO6OP/OCMlaFsrlTxy/jtgWPeoQjRIrm.T.', `last_ip` = '0:0:0:0:0:0:0:1', `creation_date` = 2025-12-15 01:34:55.206, `last_seen` = 2025-12-24 00:39:32.381, `email` = null, `discord` = null, `settings` = '{"settings":[{"value":"survival","key":"last-server"},{"value":"en","key":"language"}],"version":0}' WHERE `ai` = 5" (applied to [last_seen, settings] columns)
