[2026/02/04 18:43:20]: §9          __             _       
[2026/02/04 18:43:20]: §9  _ __   / /  ___   __ _(_)_ __  
[2026/02/04 18:43:20]: §9 | '_ \ / /  / _ \ / _` | | '_ \ 
[2026/02/04 18:43:20]: §9 | | | / /__| (_) | (_| | | | | |
[2026/02/04 18:43:20]: §9 |_| |_\____/\___/ \__, |_|_| |_|
[2026/02/04 18:43:20]: §9                  |___/            
[2026/02/04 18:43:20]: §9 By: www.nickuc.com - V 10.4.23
[2026/02/04 18:43:20]: §9 
[2026/02/04 18:43:20]: §3[nLogin] [DEBUG] All settings were loaded in 205 ms.
[2026/02/04 18:43:20]: §3[nLogin] [DEBUG] Loading the messages_en.yml message file...
[2026/02/04 18:43:21]: §3[nLogin] [DEBUG] All plugin messages were loaded in 107 ms (languageByClient=false).
[2026/02/04 18:43:21]: §3[nLogin] [DEBUG] All proxy settings were loaded in 23 ms.
[2026/02/04 18:43:21]: §3[nLogin] [DEBUG] Loading database...
[2026/02/04 18:43:21]: §3[nLogin] [DEBUG] Starting logger filter...
[2026/02/04 18:43:26]: 
[2026/02/04 18:43:26]:  §bThank you so much for choosing nLogin! §4<3
[2026/02/04 18:43:26]: 
[2026/02/04 18:43:26]:  §4For your safety, please read the message below:
[2026/02/04 18:43:26]:   §cNever download nLogin from unknown sources.
[2026/02/04 18:43:26]:   §cA modified version may contain malicious software.
[2026/02/04 18:43:26]: 
[2026/02/04 18:43:26]:  §3Trusted sources:
[2026/02/04 18:43:26]:   §bwww.nickuc.com
[2026/02/04 18:43:26]:   §bwww.github.com/nickuc
[2026/02/04 18:43:26]:   §bOpeNLogin installer (from Spigot or GitHub)
[2026/02/04 18:43:26]: 
[2026/02/04 18:43:26]:  §3Official support channels:
[2026/02/04 18:43:26]:   §bDiscord group: §fwww.nickuc.com/discord
[2026/02/04 18:43:26]:   §bDocumentation: §fdocs.nickuc.com/nlogin/
[2026/02/04 18:43:26]:   §bEmail: §fsupport@nickuc.com
[2026/02/04 18:43:26]:   §bYouTube: §fyoutube.com/nickuc
[2026/02/04 18:43:26]: 
[2026/02/04 18:43:26]:  §eTo remove this warning, log in with "nlogin.admin" permission on the server
[2026/02/04 18:43:26]:  §eand click the "Setup plugin" button to configure your plugin.
[2026/02/04 18:43:26]: 
[2026/02/04 19:38:27]: §3[nLogin] [DEBUG] [SQLite] [UPDATE]: "INSERT INTO `nlogin` (`last_name`, `unique_id`, `mojang_id`, `bedrock_id`, `password`, `last_ip`, `creation_date`, `last_seen`, `email`, `discord`, `settings`) VALUES ('F10NA_', e504042373f53ddc84a9ae1f85ea8d6b, null, null, '$2a$10$0KHUsrRzrqZC/YhwpRSIrO6PAlvlfvQgprx5NQwbm/N5BR31rWL0S', '0:0:0:0:0:0:0:1', '2026-02-04 19:38:27.731', '2026-02-04 19:38:27.731', null, null, '{"settings":[{"value":true,"key":"force-invalid-session"}],"version":0}')" (applied to all columns)
[2026/02/04 19:38:27]: [nLogin] The user F10NA_ has successfully registered.
[2026/02/04 19:39:00]: §3[nLogin] [DEBUG] [SQLite] [UPDATE]: "UPDATE `nlogin` SET `last_name` = 'F10NA_', `unique_id` = e504042373f53ddc84a9ae1f85ea8d6b,  `mojang_id` = null,  `bedrock_id` = null,  `password` = '$2a$10$0KHUsrRzrqZC/YhwpRSIrO6PAlvlfvQgprx5NQwbm/N5BR31rWL0S', `last_ip` = '0:0:0:0:0:0:0:1', `creation_date` = 2026-02-04 19:38:27.731, `last_seen` = 2026-02-04 19:39:00.511, `email` = null, `discord` = null, `settings` = '{"settings":[{"value":true,"key":"force-invalid-session"},{"value":"auth","key":"last-server"},{"value":"en","key":"language"}],"version":0}' WHERE `ai` = 14" (applied to [last_seen, settings] columns)
[2026/02/04 20:04:28]: §3[nLogin] [DEBUG] [SQLite] [UPDATE]: "UPDATE `nlogin` SET `last_name` = 'Jmofrfr', `unique_id` = a3f2fbbe76eb3b82874f6b0c5d6c0bf1,  `mojang_id` = null,  `bedrock_id` = null,  `password` = '$2a$10$RSpB72MknEhFlux5KpjO6OP/OCMlaFsrlTxy/jtgWPeoQjRIrm.T.', `last_ip` = '0:0:0:0:0:0:0:1', `creation_date` = 2025-12-15 01:34:55.206, `last_seen` = 2026-02-04 20:04:28.731, `email` = null, `discord` = null, `settings` = '{"settings":[{"value":"auth","key":"last-server"},{"value":"en","key":"language"}],"version":0}' WHERE `ai` = 5" (applied to [last_ip, last_seen, settings] columns)
[2026/02/04 20:04:28]: [nLogin] The user Jmofrfr has successfully logged in.
[2026/02/04 20:06:18]: §3[nLogin] [DEBUG] [SQLite] [UPDATE]: "UPDATE `nlogin` SET `last_name` = 'Jmofrfr', `unique_id` = a3f2fbbe76eb3b82874f6b0c5d6c0bf1,  `mojang_id` = null,  `bedrock_id` = null,  `password` = '$2a$10$RSpB72MknEhFlux5KpjO6OP/OCMlaFsrlTxy/jtgWPeoQjRIrm.T.', `last_ip` = '0:0:0:0:0:0:0:1', `creation_date` = 2025-12-15 01:34:55.206, `last_seen` = 2026-02-04 20:06:18.837, `email` = null, `discord` = null, `settings` = '{"settings":[{"value":"auth","key":"last-server"},{"value":"en","key":"language"}],"version":0}' WHERE `ai` = 5" (applied to [last_seen, settings] columns)
