[2026/02/04 14:58:55]: §9          __             _       
[2026/02/04 14:58:55]: §9  _ __   / /  ___   __ _(_)_ __  
[2026/02/04 14:58:55]: §9 | '_ \ / /  / _ \ / _` | | '_ \ 
[2026/02/04 14:58:55]: §9 | | | / /__| (_) | (_| | | | | |
[2026/02/04 14:58:55]: §9 |_| |_\____/\___/ \__, |_|_| |_|
[2026/02/04 14:58:55]: §9                  |___/            
[2026/02/04 14:58:55]: §9 By: www.nickuc.com - V 10.4.23
[2026/02/04 14:58:55]: §9 
[2026/02/04 14:58:56]: §3[nLogin] [DEBUG] All settings were loaded in 284 ms.
[2026/02/04 14:58:56]: §3[nLogin] [DEBUG] Loading the messages_en.yml message file...
[2026/02/04 14:58:56]: §3[nLogin] [DEBUG] All plugin messages were loaded in 192 ms (languageByClient=false).
[2026/02/04 14:58:56]: §3[nLogin] [DEBUG] All proxy settings were loaded in 38 ms.
[2026/02/04 14:58:56]: §3[nLogin] [DEBUG] Loading database...
[2026/02/04 14:58:57]: [nLogin] Download finished (took 1762ms, hash = 8d161770fe9585ba210a8f134dd178dbb61934339381a11054fa7a793b37f00c)
[2026/02/04 14:58:57]: §3[nLogin] [DEBUG] Starting logger filter...
[2026/02/04 14:59:02]: 
[2026/02/04 14:59:02]:  §bThank you so much for choosing nLogin! §4<3
[2026/02/04 14:59:02]: 
[2026/02/04 14:59:02]:  §4For your safety, please read the message below:
[2026/02/04 14:59:02]:   §cNever download nLogin from unknown sources.
[2026/02/04 14:59:02]:   §cA modified version may contain malicious software.
[2026/02/04 14:59:02]: 
[2026/02/04 14:59:02]:  §3Trusted sources:
[2026/02/04 14:59:02]:   §bwww.nickuc.com
[2026/02/04 14:59:02]:   §bwww.github.com/nickuc
[2026/02/04 14:59:02]:   §bOpeNLogin installer (from Spigot or GitHub)
[2026/02/04 14:59:02]: 
[2026/02/04 14:59:02]:  §3Official support channels:
[2026/02/04 14:59:02]:   §bDiscord group: §fwww.nickuc.com/discord
[2026/02/04 14:59:02]:   §bDocumentation: §fdocs.nickuc.com/nlogin/
[2026/02/04 14:59:02]:   §bEmail: §fsupport@nickuc.com
[2026/02/04 14:59:02]:   §bYouTube: §fyoutube.com/nickuc
[2026/02/04 14:59:02]: 
[2026/02/04 14:59:02]:  §eTo remove this warning, log in with "nlogin.admin" permission on the server
[2026/02/04 14:59:02]:  §eand click the "Setup plugin" button to configure your plugin.
[2026/02/04 14:59:02]: 
[2026/02/04 15:00:56]: §3[nLogin] [DEBUG] [SQLite] [UPDATE]: "UPDATE `nlogin` SET `last_name` = 'Jmofrfr', `unique_id` = a3f2fbbe76eb3b82874f6b0c5d6c0bf1,  `mojang_id` = null,  `bedrock_id` = null,  `password` = '$2a$10$RSpB72MknEhFlux5KpjO6OP/OCMlaFsrlTxy/jtgWPeoQjRIrm.T.', `last_ip` = '0:0:0:0:0:0:0:1', `creation_date` = 2025-12-15 01:34:55.206, `last_seen` = 2026-02-04 15:00:56.401, `email` = null, `discord` = null, `settings` = '{"settings":[{"value":"survival","key":"last-server"},{"value":"en","key":"language"}],"version":0}' WHERE `ai` = 5" (applied to [last_ip, last_seen, settings] columns)
[2026/02/04 15:00:56]: [nLogin] The user Jmofrfr has successfully logged in.
[2026/02/04 15:12:13]: §3[nLogin] [DEBUG] [SQLite] [UPDATE]: "UPDATE `nlogin` SET `last_name` = 'Jmofrfr', `unique_id` = a3f2fbbe76eb3b82874f6b0c5d6c0bf1,  `mojang_id` = null,  `bedrock_id` = null,  `password` = '$2a$10$RSpB72MknEhFlux5KpjO6OP/OCMlaFsrlTxy/jtgWPeoQjRIrm.T.', `last_ip` = '0:0:0:0:0:0:0:1', `creation_date` = 2025-12-15 01:34:55.206, `last_seen` = 2026-02-04 15:12:13.493, `email` = null, `discord` = null, `settings` = '{"settings":[{"value":"survival","key":"last-server"},{"value":"en","key":"language"}],"version":0}' WHERE `ai` = 5" (applied to [last_seen, settings] columns)
[2026/02/04 15:13:30]: §3[nLogin] [DEBUG] [SQLite] [UPDATE]: "UPDATE `nlogin` SET `last_name` = 'Jmofrfr', `unique_id` = a3f2fbbe76eb3b82874f6b0c5d6c0bf1,  `mojang_id` = null,  `bedrock_id` = null,  `password` = '$2a$10$RSpB72MknEhFlux5KpjO6OP/OCMlaFsrlTxy/jtgWPeoQjRIrm.T.', `last_ip` = '0:0:0:0:0:0:0:1', `creation_date` = 2025-12-15 01:34:55.206, `last_seen` = 2026-02-04 15:13:30.811, `email` = null, `discord` = null, `settings` = '{"settings":[{"value":"survival","key":"last-server"},{"value":"en","key":"language"}],"version":0}' WHERE `ai` = 5" (applied to [last_ip, last_seen, settings] columns)
[2026/02/04 15:13:30]: [nLogin] The user Jmofrfr has successfully logged in.
[2026/02/04 15:16:49]: §3[nLogin] [DEBUG] [SQLite] [UPDATE]: "UPDATE `nlogin` SET `last_name` = 'Jmofrfr', `unique_id` = a3f2fbbe76eb3b82874f6b0c5d6c0bf1,  `mojang_id` = null,  `bedrock_id` = null,  `password` = '$2a$10$RSpB72MknEhFlux5KpjO6OP/OCMlaFsrlTxy/jtgWPeoQjRIrm.T.', `last_ip` = '0:0:0:0:0:0:0:1', `creation_date` = 2025-12-15 01:34:55.206, `last_seen` = 2026-02-04 15:16:49.726, `email` = null, `discord` = null, `settings` = '{"settings":[{"value":"survival","key":"last-server"},{"value":"en","key":"language"}],"version":0}' WHERE `ai` = 5" (applied to [last_seen, settings] columns)
[2026/02/04 15:17:34]: §3[nLogin] [DEBUG] [SQLite] [UPDATE]: "UPDATE `nlogin` SET `last_name` = 'Jmofrfr', `unique_id` = a3f2fbbe76eb3b82874f6b0c5d6c0bf1,  `mojang_id` = null,  `bedrock_id` = null,  `password` = '$2a$10$RSpB72MknEhFlux5KpjO6OP/OCMlaFsrlTxy/jtgWPeoQjRIrm.T.', `last_ip` = '0:0:0:0:0:0:0:1', `creation_date` = 2025-12-15 01:34:55.206, `last_seen` = 2026-02-04 15:17:34.696, `email` = null, `discord` = null, `settings` = '{"settings":[{"value":"survival","key":"last-server"},{"value":"en","key":"language"}],"version":0}' WHERE `ai` = 5" (applied to [last_ip, last_seen, settings] columns)
[2026/02/04 15:17:34]: [nLogin] The user Jmofrfr has successfully logged in.
[2026/02/04 15:29:51]: §3[nLogin] [DEBUG] [SQLite] [UPDATE]: "UPDATE `nlogin` SET `last_name` = 'Jmofrfr', `unique_id` = a3f2fbbe76eb3b82874f6b0c5d6c0bf1,  `mojang_id` = null,  `bedrock_id` = null,  `password` = '$2a$10$RSpB72MknEhFlux5KpjO6OP/OCMlaFsrlTxy/jtgWPeoQjRIrm.T.', `last_ip` = '0:0:0:0:0:0:0:1', `creation_date` = 2025-12-15 01:34:55.206, `last_seen` = 2026-02-04 15:29:51.584, `email` = null, `discord` = null, `settings` = '{"settings":[{"value":"auth","key":"last-server"},{"value":"en","key":"language"}],"version":0}' WHERE `ai` = 5" (applied to [last_seen, settings] columns)
[2026/02/04 15:34:52]: §3[nLogin] [DEBUG] [SQLite] [UPDATE]: "UPDATE `nlogin` SET `last_name` = 'Jmofrfr', `unique_id` = a3f2fbbe76eb3b82874f6b0c5d6c0bf1,  `mojang_id` = null,  `bedrock_id` = null,  `password` = '$2a$10$RSpB72MknEhFlux5KpjO6OP/OCMlaFsrlTxy/jtgWPeoQjRIrm.T.', `last_ip` = '0:0:0:0:0:0:0:1', `creation_date` = 2025-12-15 01:34:55.206, `last_seen` = 2026-02-04 15:34:52.284, `email` = null, `discord` = null, `settings` = '{"settings":[{"value":"auth","key":"last-server"},{"value":"en","key":"language"}],"version":0}' WHERE `ai` = 5" (applied to [last_ip, last_seen, settings] columns)
[2026/02/04 15:34:52]: [nLogin] The user Jmofrfr has successfully logged in.
[2026/02/04 15:35:45]: §3[nLogin] [DEBUG] [SQLite] [UPDATE]: "UPDATE `nlogin` SET `last_name` = 'Jmofrfr', `unique_id` = a3f2fbbe76eb3b82874f6b0c5d6c0bf1,  `mojang_id` = null,  `bedrock_id` = null,  `password` = '$2a$10$RSpB72MknEhFlux5KpjO6OP/OCMlaFsrlTxy/jtgWPeoQjRIrm.T.', `last_ip` = '0:0:0:0:0:0:0:1', `creation_date` = 2025-12-15 01:34:55.206, `last_seen` = 2026-02-04 15:35:45.724, `email` = null, `discord` = null, `settings` = '{"settings":[{"value":"auth","key":"last-server"},{"value":"en","key":"language"}],"version":0}' WHERE `ai` = 5" (applied to [last_seen, settings] columns)
[2026/02/04 15:37:04]: §3[nLogin] [DEBUG] [SQLite] [UPDATE]: "UPDATE `nlogin` SET `last_name` = 'Jmofrfr', `unique_id` = a3f2fbbe76eb3b82874f6b0c5d6c0bf1,  `mojang_id` = null,  `bedrock_id` = null,  `password` = '$2a$10$RSpB72MknEhFlux5KpjO6OP/OCMlaFsrlTxy/jtgWPeoQjRIrm.T.', `last_ip` = '0:0:0:0:0:0:0:1', `creation_date` = 2025-12-15 01:34:55.206, `last_seen` = 2026-02-04 15:37:03.998, `email` = null, `discord` = null, `settings` = '{"settings":[{"value":"auth","key":"last-server"},{"value":"en","key":"language"}],"version":0}' WHERE `ai` = 5" (applied to [last_ip, last_seen, settings] columns)
[2026/02/04 15:37:04]: [nLogin] The user Jmofrfr has successfully logged in.
