[00:02:38] [Netty epoll Worker #3/INFO] [com.velocitypowered.proxy.connection.client.AuthSessionHandler]: [connected player] Hacker_test (/[0:0:0:0:0:0:0:1]:50962) has connected
[00:02:38] [Netty epoll Worker #3/INFO] [com.velocitypowered.proxy.connection.MinecraftConnection]: [server connection] Hacker_test -> auth has connected
[00:03:00] [nLogin - Task Executor #2/INFO] [nlogin]: The user Hacker_test has successfully registered.
[00:03:00] [Netty epoll Worker #3/INFO] [com.velocitypowered.proxy.connection.MinecraftConnection]: [server connection] Hacker_test -> survival has connected
[00:03:01] [Netty epoll Worker #3/INFO] [com.velocitypowered.proxy.connection.MinecraftConnection]: [server connection] Hacker_test -> auth has disconnected
[00:05:01] [Netty epoll Worker #3/INFO] [com.velocitypowered.proxy.connection.client.ConnectedPlayer]: [connected player] Hacker_test (/[0:0:0:0:0:0:0:1]:50962): kicked from server survival: 
[00:05:01] [Netty epoll Worker #3/INFO] [com.velocitypowered.proxy.connection.MinecraftConnection]: [server connection] Hacker_test -> survival has disconnected
[00:05:01] [Netty epoll Worker #3/INFO] [com.velocitypowered.proxy.connection.MinecraftConnection]: [server connection] Hacker_test -> auth has connected
[00:05:15] [Netty epoll Worker #3/INFO] [com.velocitypowered.proxy.connection.MinecraftConnection]: [server connection] Hacker_test -> survival has connected
[00:05:15] [Netty epoll Worker #3/INFO] [com.velocitypowered.proxy.connection.MinecraftConnection]: [server connection] Hacker_test -> auth has disconnected
[00:06:13] [Netty epoll Worker #3/INFO] [com.velocitypowered.proxy.connection.client.ConnectedPlayer]: [connected player] Hacker_test (/[0:0:0:0:0:0:0:1]:50962): kicked from server survival: 
[00:06:13] [Netty epoll Worker #3/INFO] [com.velocitypowered.proxy.connection.MinecraftConnection]: [server connection] Hacker_test -> survival has disconnected
[00:06:13] [Netty epoll Worker #3/INFO] [com.velocitypowered.proxy.connection.MinecraftConnection]: [server connection] Hacker_test -> auth has connected
[00:06:34] [Netty epoll Worker #3/INFO] [com.velocitypowered.proxy.connection.MinecraftConnection]: [server connection] Hacker_test -> survival has connected
[00:06:34] [Netty epoll Worker #3/INFO] [com.velocitypowered.proxy.connection.MinecraftConnection]: [server connection] Hacker_test -> auth has disconnected
[00:08:06] [Netty epoll Worker #3/INFO] [com.velocitypowered.proxy.connection.client.ConnectedPlayer]: [connected player] Hacker_test (/[0:0:0:0:0:0:0:1]:50962): kicked from server survival: You have been banned:
Hacking
[00:08:06] [Netty epoll Worker #3/INFO] [com.velocitypowered.proxy.connection.MinecraftConnection]: [server connection] Hacker_test -> survival has disconnected
[00:08:06] [Netty epoll Worker #3/INFO] [com.velocitypowered.proxy.connection.MinecraftConnection]: [server connection] Hacker_test -> auth has connected
[00:08:11] [Netty epoll Worker #3/INFO] [com.velocitypowered.proxy.connection.MinecraftConnection]: [connected player] Hacker_test (/[0:0:0:0:0:0:0:1]:50962) has disconnected
[00:08:11] [Netty epoll Worker #3/INFO] [com.velocitypowered.proxy.connection.MinecraftConnection]: [server connection] Hacker_test -> auth has disconnected
[00:23:44] [Netty epoll Worker #2/INFO] [com.velocitypowered.proxy.connection.MinecraftConnection]: [connected player] Gimu_fr (/[0:0:0:0:0:0:0:1]:60328) has disconnected
[00:23:44] [Netty epoll Worker #2/INFO] [com.velocitypowered.proxy.connection.MinecraftConnection]: [server connection] Gimu_fr -> survival has disconnected
[00:30:21] [Netty epoll Worker #1/INFO] [com.velocitypowered.proxy.connection.client.AuthSessionHandler]: [connected player] AaronRulez_Fr (/[0:0:0:0:0:0:0:1]:56012) has connected
[00:30:21] [Netty epoll Worker #1/INFO] [com.velocitypowered.proxy.connection.MinecraftConnection]: [server connection] AaronRulez_Fr -> auth has connected
[00:30:45] [nLogin - Task Executor #11/INFO] [nlogin]: The user AaronRulez_Fr has successfully registered.
[00:30:46] [Netty epoll Worker #1/INFO] [com.velocitypowered.proxy.connection.MinecraftConnection]: [server connection] AaronRulez_Fr -> survival has connected
[00:30:46] [Netty epoll Worker #1/INFO] [com.velocitypowered.proxy.connection.MinecraftConnection]: [server connection] AaronRulez_Fr -> survival has disconnected
[00:30:46] [Netty epoll Worker #1/ERROR] [com.velocitypowered.proxy.connection.client.ConnectedPlayer]: [connected player] AaronRulez_Fr (/[0:0:0:0:0:0:0:1]:56012): disconnected while connecting to survival: You are not whitelisted on this server!
[00:30:46] [Netty epoll Worker #1/INFO] [com.velocitypowered.proxy.connection.MinecraftConnection]: [connected player] AaronRulez_Fr (/[0:0:0:0:0:0:0:1]:56012) has disconnected
[00:30:46] [Netty epoll Worker #1/INFO] [com.velocitypowered.proxy.connection.MinecraftConnection]: [server connection] AaronRulez_Fr -> auth has disconnected
[00:39:32] [Netty epoll Worker #0/INFO] [com.velocitypowered.proxy.connection.MinecraftConnection]: [connected player] Jmofrfr (/[0:0:0:0:0:0:0:1]:41154) has disconnected
[00:39:32] [Netty epoll Worker #0/INFO] [com.velocitypowered.proxy.connection.MinecraftConnection]: [server connection] Jmofrfr -> survival has disconnected
